{"C:\\Condivisa\\Progetti\\aiCode\\ISL\\example\\hq\\bin\\armory.jsx": {"path":"C:\\Condivisa\\Progetti\\aiCode\\ISL\\example\\hq\\bin\\armory.jsx","all":true,"statementMap":{"0":{"start":{"line":1,"column":0},"end":{"line":1,"column":3}},"1":{"start":{"line":2,"column":0},"end":{"line":2,"column":33}},"2":{"start":{"line":3,"column":0},"end":{"line":3,"column":37}},"3":{"start":{"line":4,"column":0},"end":{"line":4,"column":43}},"4":{"start":{"line":5,"column":0},"end":{"line":5,"column":24}},"5":{"start":{"line":6,"column":0},"end":{"line":6,"column":29}},"6":{"start":{"line":7,"column":0},"end":{"line":7,"column":3}},"7":{"start":{"line":8,"column":0},"end":{"line":8,"column":0}},"8":{"start":{"line":9,"column":0},"end":{"line":9,"column":73}},"9":{"start":{"line":10,"column":0},"end":{"line":10,"column":51}},"10":{"start":{"line":11,"column":0},"end":{"line":11,"column":79}},"11":{"start":{"line":12,"column":0},"end":{"line":12,"column":41}},"12":{"start":{"line":13,"column":0},"end":{"line":13,"column":45}},"13":{"start":{"line":14,"column":0},"end":{"line":14,"column":0}},"14":{"start":{"line":15,"column":0},"end":{"line":15,"column":84}},"15":{"start":{"line":16,"column":0},"end":{"line":16,"column":57}},"16":{"start":{"line":17,"column":0},"end":{"line":17,"column":51}},"17":{"start":{"line":18,"column":0},"end":{"line":18,"column":66}},"18":{"start":{"line":19,"column":0},"end":{"line":19,"column":73}},"19":{"start":{"line":20,"column":0},"end":{"line":20,"column":53}},"20":{"start":{"line":21,"column":0},"end":{"line":21,"column":0}},"21":{"start":{"line":22,"column":0},"end":{"line":22,"column":29}},"22":{"start":{"line":23,"column":0},"end":{"line":23,"column":21}},"23":{"start":{"line":24,"column":0},"end":{"line":24,"column":29}},"24":{"start":{"line":25,"column":0},"end":{"line":25,"column":27}},"25":{"start":{"line":26,"column":0},"end":{"line":26,"column":8}},"26":{"start":{"line":27,"column":0},"end":{"line":27,"column":22}},"27":{"start":{"line":28,"column":0},"end":{"line":28,"column":29}},"28":{"start":{"line":29,"column":0},"end":{"line":29,"column":32}},"29":{"start":{"line":30,"column":0},"end":{"line":30,"column":56}},"30":{"start":{"line":31,"column":0},"end":{"line":31,"column":52}},"31":{"start":{"line":32,"column":0},"end":{"line":32,"column":40}},"32":{"start":{"line":33,"column":0},"end":{"line":33,"column":17}},"33":{"start":{"line":34,"column":0},"end":{"line":34,"column":14}},"34":{"start":{"line":35,"column":0},"end":{"line":35,"column":31}},"35":{"start":{"line":36,"column":0},"end":{"line":36,"column":68}},"36":{"start":{"line":37,"column":0},"end":{"line":37,"column":32}},"37":{"start":{"line":38,"column":0},"end":{"line":38,"column":40}},"38":{"start":{"line":39,"column":0},"end":{"line":39,"column":17}},"39":{"start":{"line":40,"column":0},"end":{"line":40,"column":15}},"40":{"start":{"line":41,"column":0},"end":{"line":41,"column":0}},"41":{"start":{"line":42,"column":0},"end":{"line":42,"column":22}},"42":{"start":{"line":43,"column":0},"end":{"line":43,"column":30}},"43":{"start":{"line":44,"column":0},"end":{"line":44,"column":10}},"44":{"start":{"line":45,"column":0},"end":{"line":45,"column":11}},"45":{"start":{"line":46,"column":0},"end":{"line":46,"column":0}},"46":{"start":{"line":47,"column":0},"end":{"line":47,"column":44}},"47":{"start":{"line":48,"column":0},"end":{"line":48,"column":81}},"48":{"start":{"line":49,"column":0},"end":{"line":49,"column":59}},"49":{"start":{"line":50,"column":0},"end":{"line":50,"column":61}},"50":{"start":{"line":51,"column":0},"end":{"line":51,"column":41}},"51":{"start":{"line":52,"column":0},"end":{"line":52,"column":9}},"52":{"start":{"line":53,"column":0},"end":{"line":53,"column":53}},"53":{"start":{"line":54,"column":0},"end":{"line":54,"column":41}},"54":{"start":{"line":55,"column":0},"end":{"line":55,"column":0}},"55":{"start":{"line":56,"column":0},"end":{"line":56,"column":40}},"56":{"start":{"line":57,"column":0},"end":{"line":57,"column":53}},"57":{"start":{"line":58,"column":0},"end":{"line":58,"column":79}},"58":{"start":{"line":59,"column":0},"end":{"line":59,"column":41}},"59":{"start":{"line":60,"column":0},"end":{"line":60,"column":0}},"60":{"start":{"line":61,"column":0},"end":{"line":61,"column":38}},"61":{"start":{"line":62,"column":0},"end":{"line":62,"column":49}},"62":{"start":{"line":63,"column":0},"end":{"line":63,"column":50}},"63":{"start":{"line":64,"column":0},"end":{"line":64,"column":9}},"64":{"start":{"line":65,"column":0},"end":{"line":65,"column":64}},"65":{"start":{"line":66,"column":0},"end":{"line":66,"column":41}},"66":{"start":{"line":67,"column":0},"end":{"line":67,"column":0}},"67":{"start":{"line":68,"column":0},"end":{"line":68,"column":95}},"68":{"start":{"line":69,"column":0},"end":{"line":69,"column":47}},"69":{"start":{"line":70,"column":0},"end":{"line":70,"column":48}},"70":{"start":{"line":71,"column":0},"end":{"line":71,"column":38}},"71":{"start":{"line":72,"column":0},"end":{"line":72,"column":81}},"72":{"start":{"line":73,"column":0},"end":{"line":73,"column":20}},"73":{"start":{"line":74,"column":0},"end":{"line":74,"column":24}},"74":{"start":{"line":75,"column":0},"end":{"line":75,"column":38}},"75":{"start":{"line":76,"column":0},"end":{"line":76,"column":45}},"76":{"start":{"line":77,"column":0},"end":{"line":77,"column":14}},"77":{"start":{"line":78,"column":0},"end":{"line":78,"column":11}},"78":{"start":{"line":79,"column":0},"end":{"line":79,"column":38}},"79":{"start":{"line":80,"column":0},"end":{"line":80,"column":0}},"80":{"start":{"line":81,"column":0},"end":{"line":81,"column":29}},"81":{"start":{"line":82,"column":0},"end":{"line":82,"column":53}},"82":{"start":{"line":83,"column":0},"end":{"line":83,"column":36}},"83":{"start":{"line":84,"column":0},"end":{"line":84,"column":37}},"84":{"start":{"line":85,"column":0},"end":{"line":85,"column":11}},"85":{"start":{"line":86,"column":0},"end":{"line":86,"column":0}},"86":{"start":{"line":87,"column":0},"end":{"line":87,"column":29}},"87":{"start":{"line":88,"column":0},"end":{"line":88,"column":54}},"88":{"start":{"line":89,"column":0},"end":{"line":89,"column":39}},"89":{"start":{"line":90,"column":0},"end":{"line":90,"column":11}},"90":{"start":{"line":91,"column":0},"end":{"line":91,"column":0}},"91":{"start":{"line":92,"column":0},"end":{"line":92,"column":26}},"92":{"start":{"line":93,"column":0},"end":{"line":93,"column":45}},"93":{"start":{"line":94,"column":0},"end":{"line":94,"column":71}},"94":{"start":{"line":95,"column":0},"end":{"line":95,"column":8}},"95":{"start":{"line":96,"column":0},"end":{"line":96,"column":77}},"96":{"start":{"line":97,"column":0},"end":{"line":97,"column":22}},"97":{"start":{"line":98,"column":0},"end":{"line":98,"column":97}},"98":{"start":{"line":99,"column":0},"end":{"line":99,"column":34}},"99":{"start":{"line":100,"column":0},"end":{"line":100,"column":48}},"100":{"start":{"line":101,"column":0},"end":{"line":101,"column":13}},"101":{"start":{"line":102,"column":0},"end":{"line":102,"column":9}},"102":{"start":{"line":103,"column":0},"end":{"line":103,"column":90}},"103":{"start":{"line":104,"column":0},"end":{"line":104,"column":0}},"104":{"start":{"line":105,"column":0},"end":{"line":105,"column":31}},"105":{"start":{"line":106,"column":0},"end":{"line":106,"column":50}},"106":{"start":{"line":107,"column":0},"end":{"line":107,"column":31}},"107":{"start":{"line":108,"column":0},"end":{"line":108,"column":57}},"108":{"start":{"line":109,"column":0},"end":{"line":109,"column":9}},"109":{"start":{"line":110,"column":0},"end":{"line":110,"column":27}},"110":{"start":{"line":111,"column":0},"end":{"line":111,"column":0}},"111":{"start":{"line":112,"column":0},"end":{"line":112,"column":27}},"112":{"start":{"line":113,"column":0},"end":{"line":113,"column":46}},"113":{"start":{"line":114,"column":0},"end":{"line":114,"column":31}},"114":{"start":{"line":115,"column":0},"end":{"line":115,"column":69}},"115":{"start":{"line":116,"column":0},"end":{"line":116,"column":9}},"116":{"start":{"line":117,"column":0},"end":{"line":117,"column":27}},"117":{"start":{"line":118,"column":0},"end":{"line":118,"column":0}},"118":{"start":{"line":119,"column":0},"end":{"line":119,"column":20}},"119":{"start":{"line":120,"column":0},"end":{"line":120,"column":16}},"120":{"start":{"line":121,"column":0},"end":{"line":121,"column":111}},"121":{"start":{"line":122,"column":0},"end":{"line":122,"column":105}},"122":{"start":{"line":123,"column":0},"end":{"line":123,"column":18}},"123":{"start":{"line":124,"column":0},"end":{"line":124,"column":10}},"124":{"start":{"line":125,"column":0},"end":{"line":125,"column":5}},"125":{"start":{"line":126,"column":0},"end":{"line":126,"column":0}},"126":{"start":{"line":127,"column":0},"end":{"line":127,"column":12}},"127":{"start":{"line":128,"column":0},"end":{"line":128,"column":125}},"128":{"start":{"line":129,"column":0},"end":{"line":129,"column":38}},"129":{"start":{"line":130,"column":0},"end":{"line":130,"column":133}},"130":{"start":{"line":131,"column":0},"end":{"line":131,"column":128}},"131":{"start":{"line":132,"column":0},"end":{"line":132,"column":0}},"132":{"start":{"line":133,"column":0},"end":{"line":133,"column":26}},"133":{"start":{"line":134,"column":0},"end":{"line":134,"column":131}},"134":{"start":{"line":135,"column":0},"end":{"line":135,"column":119}},"135":{"start":{"line":136,"column":0},"end":{"line":136,"column":27}},"136":{"start":{"line":137,"column":0},"end":{"line":137,"column":21}},"137":{"start":{"line":138,"column":0},"end":{"line":138,"column":95}},"138":{"start":{"line":139,"column":0},"end":{"line":139,"column":74}},"139":{"start":{"line":140,"column":0},"end":{"line":140,"column":20}},"140":{"start":{"line":141,"column":0},"end":{"line":141,"column":21}},"141":{"start":{"line":142,"column":0},"end":{"line":142,"column":0}},"142":{"start":{"line":143,"column":0},"end":{"line":143,"column":46}},"143":{"start":{"line":144,"column":0},"end":{"line":144,"column":135}},"144":{"start":{"line":145,"column":0},"end":{"line":145,"column":16}},"145":{"start":{"line":146,"column":0},"end":{"line":146,"column":49}},"146":{"start":{"line":147,"column":0},"end":{"line":147,"column":159}},"147":{"start":{"line":148,"column":0},"end":{"line":148,"column":81}},"148":{"start":{"line":149,"column":0},"end":{"line":149,"column":36}},"149":{"start":{"line":150,"column":0},"end":{"line":150,"column":62}},"150":{"start":{"line":151,"column":0},"end":{"line":151,"column":55}},"151":{"start":{"line":152,"column":0},"end":{"line":152,"column":55}},"152":{"start":{"line":153,"column":0},"end":{"line":153,"column":61}},"153":{"start":{"line":154,"column":0},"end":{"line":154,"column":55}},"154":{"start":{"line":155,"column":0},"end":{"line":155,"column":26}},"155":{"start":{"line":156,"column":0},"end":{"line":156,"column":26}},"156":{"start":{"line":157,"column":0},"end":{"line":157,"column":26}},"157":{"start":{"line":158,"column":0},"end":{"line":158,"column":0}},"158":{"start":{"line":159,"column":0},"end":{"line":159,"column":52}},"159":{"start":{"line":160,"column":0},"end":{"line":160,"column":159}},"160":{"start":{"line":161,"column":0},"end":{"line":161,"column":81}},"161":{"start":{"line":162,"column":0},"end":{"line":162,"column":38}},"162":{"start":{"line":163,"column":0},"end":{"line":163,"column":55}},"163":{"start":{"line":164,"column":0},"end":{"line":164,"column":64}},"164":{"start":{"line":165,"column":0},"end":{"line":165,"column":55}},"165":{"start":{"line":166,"column":0},"end":{"line":166,"column":57}},"166":{"start":{"line":167,"column":0},"end":{"line":167,"column":55}},"167":{"start":{"line":168,"column":0},"end":{"line":168,"column":49}},"168":{"start":{"line":169,"column":0},"end":{"line":169,"column":63}},"169":{"start":{"line":170,"column":0},"end":{"line":170,"column":51}},"170":{"start":{"line":171,"column":0},"end":{"line":171,"column":26}},"171":{"start":{"line":172,"column":0},"end":{"line":172,"column":26}},"172":{"start":{"line":173,"column":0},"end":{"line":173,"column":26}},"173":{"start":{"line":174,"column":0},"end":{"line":174,"column":0}},"174":{"start":{"line":175,"column":0},"end":{"line":175,"column":19}},"175":{"start":{"line":176,"column":0},"end":{"line":176,"column":0}},"176":{"start":{"line":177,"column":0},"end":{"line":177,"column":43}},"177":{"start":{"line":178,"column":0},"end":{"line":178,"column":54}},"178":{"start":{"line":179,"column":0},"end":{"line":179,"column":54}},"179":{"start":{"line":180,"column":0},"end":{"line":180,"column":31}},"180":{"start":{"line":181,"column":0},"end":{"line":181,"column":17}},"181":{"start":{"line":182,"column":0},"end":{"line":182,"column":60}},"182":{"start":{"line":183,"column":0},"end":{"line":183,"column":51}},"183":{"start":{"line":184,"column":0},"end":{"line":184,"column":39}},"184":{"start":{"line":185,"column":0},"end":{"line":185,"column":17}},"185":{"start":{"line":186,"column":0},"end":{"line":186,"column":60}},"186":{"start":{"line":187,"column":0},"end":{"line":187,"column":56}},"187":{"start":{"line":188,"column":0},"end":{"line":188,"column":39}},"188":{"start":{"line":189,"column":0},"end":{"line":189,"column":62}},"189":{"start":{"line":190,"column":0},"end":{"line":190,"column":17}},"190":{"start":{"line":191,"column":0},"end":{"line":191,"column":66}},"191":{"start":{"line":192,"column":0},"end":{"line":192,"column":56}},"192":{"start":{"line":193,"column":0},"end":{"line":193,"column":17}},"193":{"start":{"line":194,"column":0},"end":{"line":194,"column":18}},"194":{"start":{"line":195,"column":0},"end":{"line":195,"column":14}},"195":{"start":{"line":196,"column":0},"end":{"line":196,"column":6}},"196":{"start":{"line":197,"column":0},"end":{"line":197,"column":1}}},"s":{"0":0,"1":0,"2":0,"3":0,"4":0,"5":0,"6":0,"7":0,"8":0,"9":0,"10":0,"11":0,"12":0,"13":0,"14":0,"15":0,"16":0,"17":0,"18":0,"19":0,"20":0,"21":0,"22":0,"23":0,"24":0,"25":0,"26":0,"27":0,"28":0,"29":0,"30":0,"31":0,"32":0,"33":0,"34":0,"35":0,"36":0,"37":0,"38":0,"39":0,"40":0,"41":0,"42":0,"43":0,"44":0,"45":0,"46":0,"47":0,"48":0,"49":0,"50":0,"51":0,"52":0,"53":0,"54":0,"55":0,"56":0,"57":0,"58":0,"59":0,"60":0,"61":0,"62":0,"63":0,"64":0,"65":0,"66":0,"67":0,"68":0,"69":0,"70":0,"71":0,"72":0,"73":0,"74":0,"75":0,"76":0,"77":0,"78":0,"79":0,"80":0,"81":0,"82":0,"83":0,"84":0,"85":0,"86":0,"87":0,"88":0,"89":0,"90":0,"91":0,"92":0,"93":0,"94":0,"95":0,"96":0,"97":0,"98":0,"99":0,"100":0,"101":0,"102":0,"103":0,"104":0,"105":0,"106":0,"107":0,"108":0,"109":0,"110":0,"111":0,"112":0,"113":0,"114":0,"115":0,"116":0,"117":0,"118":0,"119":0,"120":0,"121":0,"122":0,"123":0,"124":0,"125":0,"126":0,"127":0,"128":0,"129":0,"130":0,"131":0,"132":0,"133":0,"134":0,"135":0,"136":0,"137":0,"138":0,"139":0,"140":0,"141":0,"142":0,"143":0,"144":0,"145":0,"146":0,"147":0,"148":0,"149":0,"150":0,"151":0,"152":0,"153":0,"154":0,"155":0,"156":0,"157":0,"158":0,"159":0,"160":0,"161":0,"162":0,"163":0,"164":0,"165":0,"166":0,"167":0,"168":0,"169":0,"170":0,"171":0,"172":0,"173":0,"174":0,"175":0,"176":0,"177":0,"178":0,"179":0,"180":0,"181":0,"182":0,"183":0,"184":0,"185":0,"186":0,"187":0,"188":0,"189":0,"190":0,"191":0,"192":0,"193":0,"194":0,"195":0,"196":0},"branchMap":{"0":{"type":"branch","line":1,"loc":{"start":{"line":1,"column":0},"end":{"line":197,"column":-2328}},"locations":[{"start":{"line":1,"column":0},"end":{"line":197,"column":-2328}}]}},"b":{"0":[0]},"fnMap":{"0":{"name":"(empty-report)","decl":{"start":{"line":1,"column":0},"end":{"line":197,"column":-2328}},"loc":{"start":{"line":1,"column":0},"end":{"line":197,"column":-2328}},"line":1}},"f":{"0":0}}
,"C:\\Condivisa\\Progetti\\aiCode\\ISL\\example\\hq\\bin\\domain-core.js": {"path":"C:\\Condivisa\\Progetti\\aiCode\\ISL\\example\\hq\\bin\\domain-core.js","all":false,"statementMap":{"0":{"start":{"line":1,"column":0},"end":{"line":1,"column":3}},"1":{"start":{"line":2,"column":0},"end":{"line":2,"column":33}},"2":{"start":{"line":3,"column":0},"end":{"line":3,"column":37}},"3":{"start":{"line":4,"column":0},"end":{"line":4,"column":43}},"4":{"start":{"line":5,"column":0},"end":{"line":5,"column":29}},"5":{"start":{"line":6,"column":0},"end":{"line":6,"column":29}},"6":{"start":{"line":7,"column":0},"end":{"line":7,"column":3}},"7":{"start":{"line":8,"column":0},"end":{"line":8,"column":0}},"8":{"start":{"line":9,"column":0},"end":{"line":9,"column":49}},"9":{"start":{"line":10,"column":0},"end":{"line":10,"column":25}},"10":{"start":{"line":11,"column":0},"end":{"line":11,"column":25}},"11":{"start":{"line":12,"column":0},"end":{"line":12,"column":29}},"12":{"start":{"line":13,"column":0},"end":{"line":13,"column":15}},"13":{"start":{"line":14,"column":0},"end":{"line":14,"column":21}},"14":{"start":{"line":15,"column":0},"end":{"line":15,"column":44}},"15":{"start":{"line":16,"column":0},"end":{"line":16,"column":3}},"16":{"start":{"line":17,"column":0},"end":{"line":17,"column":0}},"17":{"start":{"line":18,"column":0},"end":{"line":18,"column":49}},"18":{"start":{"line":19,"column":0},"end":{"line":19,"column":72}},"19":{"start":{"line":20,"column":0},"end":{"line":20,"column":3}}},"s":{"0":1,"1":1,"2":1,"3":1,"4":1,"5":1,"6":1,"7":1,"8":1,"9":1,"10":1,"11":1,"12":1,"13":1,"14":1,"15":1,"16":1,"17":1,"18":2,"19":1},"branchMap":{"0":{"type":"branch","line":18,"loc":{"start":{"line":18,"column":32},"end":{"line":20,"column":2}},"locations":[{"start":{"line":18,"column":32},"end":{"line":20,"column":2}}]},"1":{"type":"branch","line":19,"loc":{"start":{"line":19,"column":41},"end":{"line":19,"column":72}},"locations":[{"start":{"line":19,"column":41},"end":{"line":19,"column":72}}]}},"b":{"0":[2],"1":[1]},"fnMap":{"0":{"name":"NavigationStatus","decl":{"start":{"line":18,"column":32},"end":{"line":20,"column":2}},"loc":{"start":{"line":18,"column":32},"end":{"line":20,"column":2}},"line":18}},"f":{"0":2}}
,"C:\\Condivisa\\Progetti\\aiCode\\ISL\\example\\hq\\bin\\domain-core.js.sign.ts": {"path":"C:\\Condivisa\\Progetti\\aiCode\\ISL\\example\\hq\\bin\\domain-core.js.sign.ts","all":true,"statementMap":{"0":{"start":{"line":1,"column":0},"end":{"line":1,"column":34}},"1":{"start":{"line":2,"column":0},"end":{"line":2,"column":20}},"2":{"start":{"line":3,"column":0},"end":{"line":3,"column":20}},"3":{"start":{"line":4,"column":0},"end":{"line":4,"column":22}},"4":{"start":{"line":5,"column":0},"end":{"line":5,"column":15}},"5":{"start":{"line":6,"column":0},"end":{"line":6,"column":18}},"6":{"start":{"line":7,"column":0},"end":{"line":7,"column":30}},"7":{"start":{"line":8,"column":0},"end":{"line":8,"column":2}},"8":{"start":{"line":9,"column":0},"end":{"line":9,"column":0}},"9":{"start":{"line":10,"column":0},"end":{"line":10,"column":73}},"10":{"start":{"line":11,"column":0},"end":{"line":11,"column":26}},"11":{"start":{"line":12,"column":0},"end":{"line":12,"column":2}}},"s":{"0":0,"1":0,"2":0,"3":0,"4":0,"5":0,"6":0,"7":0,"8":0,"9":0,"10":0,"11":0},"branchMap":{"0":{"type":"branch","line":1,"loc":{"start":{"line":1,"column":0},"end":{"line":12,"column":2}},"locations":[{"start":{"line":1,"column":0},"end":{"line":12,"column":2}}]}},"b":{"0":[0]},"fnMap":{"0":{"name":"(empty-report)","decl":{"start":{"line":1,"column":0},"end":{"line":12,"column":2}},"loc":{"start":{"line":1,"column":0},"end":{"line":12,"column":2}},"line":1}},"f":{"0":0}}
,"C:\\Condivisa\\Progetti\\aiCode\\ISL\\example\\hq\\bin\\domain-map.js": {"path":"C:\\Condivisa\\Progetti\\aiCode\\ISL\\example\\hq\\bin\\domain-map.js","all":false,"statementMap":{"0":{"start":{"line":1,"column":0},"end":{"line":1,"column":3}},"1":{"start":{"line":2,"column":0},"end":{"line":2,"column":33}},"2":{"start":{"line":3,"column":0},"end":{"line":3,"column":37}},"3":{"start":{"line":4,"column":0},"end":{"line":4,"column":43}},"4":{"start":{"line":5,"column":0},"end":{"line":5,"column":28}},"5":{"start":{"line":6,"column":0},"end":{"line":6,"column":29}},"6":{"start":{"line":7,"column":0},"end":{"line":7,"column":3}},"7":{"start":{"line":8,"column":0},"end":{"line":8,"column":0}},"8":{"start":{"line":9,"column":0},"end":{"line":9,"column":42}},"9":{"start":{"line":10,"column":0},"end":{"line":10,"column":38}},"10":{"start":{"line":11,"column":0},"end":{"line":11,"column":42}},"11":{"start":{"line":12,"column":0},"end":{"line":12,"column":24}},"12":{"start":{"line":13,"column":0},"end":{"line":13,"column":3}},"13":{"start":{"line":14,"column":0},"end":{"line":14,"column":0}},"14":{"start":{"line":15,"column":0},"end":{"line":15,"column":46}},"15":{"start":{"line":16,"column":0},"end":{"line":16,"column":24}},"16":{"start":{"line":17,"column":0},"end":{"line":17,"column":17}},"17":{"start":{"line":18,"column":0},"end":{"line":18,"column":3}},"18":{"start":{"line":19,"column":0},"end":{"line":19,"column":0}},"19":{"start":{"line":20,"column":0},"end":{"line":20,"column":49}},"20":{"start":{"line":21,"column":0},"end":{"line":21,"column":42}},"21":{"start":{"line":22,"column":0},"end":{"line":22,"column":21}},"22":{"start":{"line":23,"column":0},"end":{"line":23,"column":3}},"23":{"start":{"line":24,"column":0},"end":{"line":24,"column":0}},"24":{"start":{"line":25,"column":0},"end":{"line":25,"column":47}},"25":{"start":{"line":26,"column":0},"end":{"line":26,"column":25}},"26":{"start":{"line":27,"column":0},"end":{"line":27,"column":18}},"27":{"start":{"line":28,"column":0},"end":{"line":28,"column":24}},"28":{"start":{"line":29,"column":0},"end":{"line":29,"column":3}},"29":{"start":{"line":30,"column":0},"end":{"line":30,"column":0}},"30":{"start":{"line":31,"column":0},"end":{"line":31,"column":48}},"31":{"start":{"line":32,"column":0},"end":{"line":32,"column":21}},"32":{"start":{"line":33,"column":0},"end":{"line":33,"column":21}},"33":{"start":{"line":34,"column":0},"end":{"line":34,"column":23}},"34":{"start":{"line":35,"column":0},"end":{"line":35,"column":20}},"35":{"start":{"line":36,"column":0},"end":{"line":36,"column":3}},"36":{"start":{"line":37,"column":0},"end":{"line":37,"column":0}},"37":{"start":{"line":38,"column":0},"end":{"line":38,"column":47}},"38":{"start":{"line":39,"column":0},"end":{"line":39,"column":39}},"39":{"start":{"line":40,"column":0},"end":{"line":40,"column":19}},"40":{"start":{"line":41,"column":0},"end":{"line":41,"column":3}},"41":{"start":{"line":42,"column":0},"end":{"line":42,"column":0}},"42":{"start":{"line":43,"column":0},"end":{"line":43,"column":44}},"43":{"start":{"line":44,"column":0},"end":{"line":44,"column":23}},"44":{"start":{"line":45,"column":0},"end":{"line":45,"column":29}},"45":{"start":{"line":46,"column":0},"end":{"line":46,"column":28}},"46":{"start":{"line":47,"column":0},"end":{"line":47,"column":3}},"47":{"start":{"line":48,"column":0},"end":{"line":48,"column":0}},"48":{"start":{"line":49,"column":0},"end":{"line":49,"column":40}},"49":{"start":{"line":50,"column":0},"end":{"line":50,"column":17}},"50":{"start":{"line":51,"column":0},"end":{"line":51,"column":17}},"51":{"start":{"line":52,"column":0},"end":{"line":52,"column":33}},"52":{"start":{"line":53,"column":0},"end":{"line":53,"column":40}},"53":{"start":{"line":54,"column":0},"end":{"line":54,"column":38}},"54":{"start":{"line":55,"column":0},"end":{"line":55,"column":33}},"55":{"start":{"line":56,"column":0},"end":{"line":56,"column":34}},"56":{"start":{"line":57,"column":0},"end":{"line":57,"column":31}},"57":{"start":{"line":58,"column":0},"end":{"line":58,"column":23}},"58":{"start":{"line":59,"column":0},"end":{"line":59,"column":3}},"59":{"start":{"line":60,"column":0},"end":{"line":60,"column":0}},"60":{"start":{"line":61,"column":0},"end":{"line":61,"column":45}},"61":{"start":{"line":62,"column":0},"end":{"line":62,"column":19}},"62":{"start":{"line":63,"column":0},"end":{"line":63,"column":17}},"63":{"start":{"line":64,"column":0},"end":{"line":64,"column":16}},"64":{"start":{"line":65,"column":0},"end":{"line":65,"column":3}},"65":{"start":{"line":66,"column":0},"end":{"line":66,"column":0}},"66":{"start":{"line":67,"column":0},"end":{"line":67,"column":40}},"67":{"start":{"line":68,"column":0},"end":{"line":68,"column":17}},"68":{"start":{"line":69,"column":0},"end":{"line":69,"column":17}},"69":{"start":{"line":70,"column":0},"end":{"line":70,"column":19}},"70":{"start":{"line":71,"column":0},"end":{"line":71,"column":3}},"71":{"start":{"line":72,"column":0},"end":{"line":72,"column":0}},"72":{"start":{"line":73,"column":0},"end":{"line":73,"column":42}},"73":{"start":{"line":74,"column":0},"end":{"line":74,"column":17}},"74":{"start":{"line":75,"column":0},"end":{"line":75,"column":17}},"75":{"start":{"line":76,"column":0},"end":{"line":76,"column":24}},"76":{"start":{"line":77,"column":0},"end":{"line":77,"column":26}},"77":{"start":{"line":78,"column":0},"end":{"line":78,"column":3}},"78":{"start":{"line":79,"column":0},"end":{"line":79,"column":0}},"79":{"start":{"line":80,"column":0},"end":{"line":80,"column":46}},"80":{"start":{"line":81,"column":0},"end":{"line":81,"column":33}},"81":{"start":{"line":82,"column":0},"end":{"line":82,"column":63}},"82":{"start":{"line":83,"column":0},"end":{"line":83,"column":86}},"83":{"start":{"line":84,"column":0},"end":{"line":84,"column":66}},"84":{"start":{"line":85,"column":0},"end":{"line":85,"column":73}},"85":{"start":{"line":86,"column":0},"end":{"line":86,"column":3}},"86":{"start":{"line":87,"column":0},"end":{"line":87,"column":0}},"87":{"start":{"line":88,"column":0},"end":{"line":88,"column":40}},"88":{"start":{"line":89,"column":0},"end":{"line":89,"column":27}},"89":{"start":{"line":90,"column":0},"end":{"line":90,"column":24}},"90":{"start":{"line":91,"column":0},"end":{"line":91,"column":27}},"91":{"start":{"line":92,"column":0},"end":{"line":92,"column":3}},"92":{"start":{"line":93,"column":0},"end":{"line":93,"column":0}},"93":{"start":{"line":94,"column":0},"end":{"line":94,"column":41}},"94":{"start":{"line":95,"column":0},"end":{"line":95,"column":42}},"95":{"start":{"line":96,"column":0},"end":{"line":96,"column":74}},"96":{"start":{"line":97,"column":0},"end":{"line":97,"column":3}},"97":{"start":{"line":98,"column":0},"end":{"line":98,"column":0}},"98":{"start":{"line":99,"column":0},"end":{"line":99,"column":47}},"99":{"start":{"line":100,"column":0},"end":{"line":100,"column":17}},"100":{"start":{"line":101,"column":0},"end":{"line":101,"column":17}},"101":{"start":{"line":102,"column":0},"end":{"line":102,"column":24}},"102":{"start":{"line":103,"column":0},"end":{"line":103,"column":24}},"103":{"start":{"line":104,"column":0},"end":{"line":104,"column":24}},"104":{"start":{"line":105,"column":0},"end":{"line":105,"column":49}},"105":{"start":{"line":106,"column":0},"end":{"line":106,"column":3}},"106":{"start":{"line":107,"column":0},"end":{"line":107,"column":0}},"107":{"start":{"line":108,"column":0},"end":{"line":108,"column":46}},"108":{"start":{"line":109,"column":0},"end":{"line":109,"column":28}},"109":{"start":{"line":110,"column":0},"end":{"line":110,"column":26}},"110":{"start":{"line":111,"column":0},"end":{"line":111,"column":69}},"111":{"start":{"line":112,"column":0},"end":{"line":112,"column":3}},"112":{"start":{"line":113,"column":0},"end":{"line":113,"column":0}},"113":{"start":{"line":114,"column":0},"end":{"line":114,"column":43}},"114":{"start":{"line":115,"column":0},"end":{"line":115,"column":30}},"115":{"start":{"line":116,"column":0},"end":{"line":116,"column":27}},"116":{"start":{"line":117,"column":0},"end":{"line":117,"column":29}},"117":{"start":{"line":118,"column":0},"end":{"line":118,"column":3}}},"s":{"0":1,"1":1,"2":1,"3":1,"4":1,"5":1,"6":1,"7":1,"8":1,"9":4,"10":4,"11":4,"12":1,"13":1,"14":1,"15":3,"16":3,"17":1,"18":1,"19":1,"20":3,"21":3,"22":1,"23":1,"24":1,"25":3,"26":3,"27":3,"28":1,"29":1,"30":1,"31":3,"32":3,"33":3,"34":3,"35":1,"36":1,"37":1,"38":3,"39":3,"40":1,"41":1,"42":1,"43":3,"44":3,"45":3,"46":1,"47":1,"48":1,"49":2,"50":2,"51":2,"52":2,"53":2,"54":2,"55":2,"56":2,"57":2,"58":1,"59":1,"60":1,"61":2,"62":2,"63":2,"64":1,"65":1,"66":1,"67":2,"68":2,"69":2,"70":1,"71":1,"72":1,"73":2,"74":2,"75":2,"76":2,"77":1,"78":1,"79":1,"80":2,"81":2,"82":2,"83":2,"84":2,"85":1,"86":1,"87":1,"88":2,"89":2,"90":2,"91":1,"92":1,"93":1,"94":1,"95":1,"96":1,"97":1,"98":1,"99":2,"100":2,"101":2,"102":2,"103":2,"104":2,"105":1,"106":1,"107":1,"108":1,"109":1,"110":1,"111":1,"112":1,"113":1,"114":1,"115":1,"116":1,"117":1},"branchMap":{"0":{"type":"branch","line":9,"loc":{"start":{"line":9,"column":25},"end":{"line":13,"column":2}},"locations":[{"start":{"line":9,"column":25},"end":{"line":13,"column":2}}]},"1":{"type":"branch","line":10,"loc":{"start":{"line":10,"column":32},"end":{"line":10,"column":37}},"locations":[{"start":{"line":10,"column":32},"end":{"line":10,"column":37}}]},"2":{"type":"branch","line":11,"loc":{"start":{"line":11,"column":36},"end":{"line":11,"column":41}},"locations":[{"start":{"line":11,"column":36},"end":{"line":11,"column":41}}]},"3":{"type":"branch","line":12,"loc":{"start":{"line":12,"column":20},"end":{"line":12,"column":24}},"locations":[{"start":{"line":12,"column":20},"end":{"line":12,"column":24}}]},"4":{"type":"branch","line":15,"loc":{"start":{"line":15,"column":29},"end":{"line":18,"column":2}},"locations":[{"start":{"line":15,"column":29},"end":{"line":18,"column":2}}]},"5":{"type":"branch","line":20,"loc":{"start":{"line":20,"column":32},"end":{"line":23,"column":2}},"locations":[{"start":{"line":20,"column":32},"end":{"line":23,"column":2}}]},"6":{"type":"branch","line":21,"loc":{"start":{"line":21,"column":24},"end":{"line":21,"column":34}},"locations":[{"start":{"line":21,"column":24},"end":{"line":21,"column":34}}]},"7":{"type":"branch","line":21,"loc":{"start":{"line":21,"column":35},"end":{"line":21,"column":41}},"locations":[{"start":{"line":21,"column":35},"end":{"line":21,"column":41}}]},"8":{"type":"branch","line":22,"loc":{"start":{"line":22,"column":16},"end":{"line":22,"column":21}},"locations":[{"start":{"line":22,"column":16},"end":{"line":22,"column":21}}]},"9":{"type":"branch","line":25,"loc":{"start":{"line":25,"column":30},"end":{"line":29,"column":2}},"locations":[{"start":{"line":25,"column":30},"end":{"line":29,"column":2}}]},"10":{"type":"branch","line":26,"loc":{"start":{"line":26,"column":20},"end":{"line":26,"column":24}},"locations":[{"start":{"line":26,"column":20},"end":{"line":26,"column":24}}]},"11":{"type":"branch","line":28,"loc":{"start":{"line":28,"column":20},"end":{"line":28,"column":24}},"locations":[{"start":{"line":28,"column":20},"end":{"line":28,"column":24}}]},"12":{"type":"branch","line":31,"loc":{"start":{"line":31,"column":31},"end":{"line":36,"column":2}},"locations":[{"start":{"line":31,"column":31},"end":{"line":36,"column":2}}]},"13":{"type":"branch","line":32,"loc":{"start":{"line":32,"column":16},"end":{"line":32,"column":20}},"locations":[{"start":{"line":32,"column":16},"end":{"line":32,"column":20}}]},"14":{"type":"branch","line":33,"loc":{"start":{"line":33,"column":16},"end":{"line":33,"column":20}},"locations":[{"start":{"line":33,"column":16},"end":{"line":33,"column":20}}]},"15":{"type":"branch","line":34,"loc":{"start":{"line":34,"column":18},"end":{"line":34,"column":22}},"locations":[{"start":{"line":34,"column":18},"end":{"line":34,"column":22}}]},"16":{"type":"branch","line":35,"loc":{"start":{"line":35,"column":16},"end":{"line":35,"column":20}},"locations":[{"start":{"line":35,"column":16},"end":{"line":35,"column":20}}]},"17":{"type":"branch","line":38,"loc":{"start":{"line":38,"column":30},"end":{"line":41,"column":2}},"locations":[{"start":{"line":38,"column":30},"end":{"line":41,"column":2}}]},"18":{"type":"branch","line":39,"loc":{"start":{"line":39,"column":22},"end":{"line":39,"column":31}},"locations":[{"start":{"line":39,"column":22},"end":{"line":39,"column":31}}]},"19":{"type":"branch","line":39,"loc":{"start":{"line":39,"column":32},"end":{"line":39,"column":38}},"locations":[{"start":{"line":39,"column":32},"end":{"line":39,"column":38}}]},"20":{"type":"branch","line":43,"loc":{"start":{"line":43,"column":27},"end":{"line":47,"column":2}},"locations":[{"start":{"line":43,"column":27},"end":{"line":47,"column":2}}]},"21":{"type":"branch","line":44,"loc":{"start":{"line":44,"column":18},"end":{"line":44,"column":22}},"locations":[{"start":{"line":44,"column":18},"end":{"line":44,"column":22}}]},"22":{"type":"branch","line":45,"loc":{"start":{"line":45,"column":24},"end":{"line":45,"column":28}},"locations":[{"start":{"line":45,"column":24},"end":{"line":45,"column":28}}]},"23":{"type":"branch","line":46,"loc":{"start":{"line":46,"column":24},"end":{"line":46,"column":28}},"locations":[{"start":{"line":46,"column":24},"end":{"line":46,"column":28}}]},"24":{"type":"branch","line":49,"loc":{"start":{"line":49,"column":23},"end":{"line":59,"column":2}},"locations":[{"start":{"line":49,"column":23},"end":{"line":59,"column":2}}]},"25":{"type":"branch","line":50,"loc":{"start":{"line":50,"column":12},"end":{"line":50,"column":16}},"locations":[{"start":{"line":50,"column":12},"end":{"line":50,"column":16}}]},"26":{"type":"branch","line":51,"loc":{"start":{"line":51,"column":12},"end":{"line":51,"column":16}},"locations":[{"start":{"line":51,"column":12},"end":{"line":51,"column":16}}]},"27":{"type":"branch","line":58,"loc":{"start":{"line":58,"column":18},"end":{"line":58,"column":23}},"locations":[{"start":{"line":58,"column":18},"end":{"line":58,"column":23}}]},"28":{"type":"branch","line":61,"loc":{"start":{"line":61,"column":28},"end":{"line":65,"column":2}},"locations":[{"start":{"line":61,"column":28},"end":{"line":65,"column":2}}]},"29":{"type":"branch","line":62,"loc":{"start":{"line":62,"column":14},"end":{"line":62,"column":18}},"locations":[{"start":{"line":62,"column":14},"end":{"line":62,"column":18}}]},"30":{"type":"branch","line":63,"loc":{"start":{"line":63,"column":12},"end":{"line":63,"column":16}},"locations":[{"start":{"line":63,"column":12},"end":{"line":63,"column":16}}]},"31":{"type":"branch","line":64,"loc":{"start":{"line":64,"column":12},"end":{"line":64,"column":16}},"locations":[{"start":{"line":64,"column":12},"end":{"line":64,"column":16}}]},"32":{"type":"branch","line":67,"loc":{"start":{"line":67,"column":23},"end":{"line":71,"column":2}},"locations":[{"start":{"line":67,"column":23},"end":{"line":71,"column":2}}]},"33":{"type":"branch","line":68,"loc":{"start":{"line":68,"column":12},"end":{"line":68,"column":16}},"locations":[{"start":{"line":68,"column":12},"end":{"line":68,"column":16}}]},"34":{"type":"branch","line":69,"loc":{"start":{"line":69,"column":12},"end":{"line":69,"column":16}},"locations":[{"start":{"line":69,"column":12},"end":{"line":69,"column":16}}]},"35":{"type":"branch","line":73,"loc":{"start":{"line":73,"column":25},"end":{"line":78,"column":2}},"locations":[{"start":{"line":73,"column":25},"end":{"line":78,"column":2}}]},"36":{"type":"branch","line":74,"loc":{"start":{"line":74,"column":12},"end":{"line":74,"column":16}},"locations":[{"start":{"line":74,"column":12},"end":{"line":74,"column":16}}]},"37":{"type":"branch","line":75,"loc":{"start":{"line":75,"column":12},"end":{"line":75,"column":16}},"locations":[{"start":{"line":75,"column":12},"end":{"line":75,"column":16}}]},"38":{"type":"branch","line":76,"loc":{"start":{"line":76,"column":18},"end":{"line":76,"column":23}},"locations":[{"start":{"line":76,"column":18},"end":{"line":76,"column":23}}]},"39":{"type":"branch","line":77,"loc":{"start":{"line":77,"column":22},"end":{"line":77,"column":26}},"locations":[{"start":{"line":77,"column":22},"end":{"line":77,"column":26}}]},"40":{"type":"branch","line":80,"loc":{"start":{"line":80,"column":29},"end":{"line":86,"column":2}},"locations":[{"start":{"line":80,"column":29},"end":{"line":86,"column":2}}]},"41":{"type":"branch","line":82,"loc":{"start":{"line":82,"column":58},"end":{"line":82,"column":62}},"locations":[{"start":{"line":82,"column":58},"end":{"line":82,"column":62}}]},"42":{"type":"branch","line":83,"loc":{"start":{"line":83,"column":45},"end":{"line":83,"column":80}},"locations":[{"start":{"line":83,"column":45},"end":{"line":83,"column":80}}]},"43":{"type":"branch","line":83,"loc":{"start":{"line":83,"column":81},"end":{"line":83,"column":85}},"locations":[{"start":{"line":83,"column":81},"end":{"line":83,"column":85}}]},"44":{"type":"branch","line":84,"loc":{"start":{"line":84,"column":35},"end":{"line":84,"column":60}},"locations":[{"start":{"line":84,"column":35},"end":{"line":84,"column":60}}]},"45":{"type":"branch","line":84,"loc":{"start":{"line":84,"column":61},"end":{"line":84,"column":65}},"locations":[{"start":{"line":84,"column":61},"end":{"line":84,"column":65}}]},"46":{"type":"branch","line":85,"loc":{"start":{"line":85,"column":39},"end":{"line":85,"column":68}},"locations":[{"start":{"line":85,"column":39},"end":{"line":85,"column":68}}]},"47":{"type":"branch","line":85,"loc":{"start":{"line":85,"column":69},"end":{"line":85,"column":73}},"locations":[{"start":{"line":85,"column":69},"end":{"line":85,"column":73}}]},"48":{"type":"branch","line":88,"loc":{"start":{"line":88,"column":23},"end":{"line":92,"column":2}},"locations":[{"start":{"line":88,"column":23},"end":{"line":92,"column":2}}]},"49":{"type":"branch","line":89,"loc":{"start":{"line":89,"column":22},"end":{"line":89,"column":26}},"locations":[{"start":{"line":89,"column":22},"end":{"line":89,"column":26}}]},"50":{"type":"branch","line":90,"loc":{"start":{"line":90,"column":18},"end":{"line":90,"column":23}},"locations":[{"start":{"line":90,"column":18},"end":{"line":90,"column":23}}]},"51":{"type":"branch","line":91,"loc":{"start":{"line":91,"column":22},"end":{"line":91,"column":27}},"locations":[{"start":{"line":91,"column":22},"end":{"line":91,"column":27}}]},"52":{"type":"branch","line":94,"loc":{"start":{"line":94,"column":24},"end":{"line":97,"column":2}},"locations":[{"start":{"line":94,"column":24},"end":{"line":97,"column":2}}]},"53":{"type":"branch","line":95,"loc":{"start":{"line":95,"column":36},"end":{"line":95,"column":41}},"locations":[{"start":{"line":95,"column":36},"end":{"line":95,"column":41}}]},"54":{"type":"branch","line":96,"loc":{"start":{"line":96,"column":70},"end":{"line":96,"column":74}},"locations":[{"start":{"line":96,"column":70},"end":{"line":96,"column":74}}]},"55":{"type":"branch","line":99,"loc":{"start":{"line":99,"column":30},"end":{"line":106,"column":2}},"locations":[{"start":{"line":99,"column":30},"end":{"line":106,"column":2}}]},"56":{"type":"branch","line":100,"loc":{"start":{"line":100,"column":12},"end":{"line":100,"column":16}},"locations":[{"start":{"line":100,"column":12},"end":{"line":100,"column":16}}]},"57":{"type":"branch","line":101,"loc":{"start":{"line":101,"column":12},"end":{"line":101,"column":16}},"locations":[{"start":{"line":101,"column":12},"end":{"line":101,"column":16}}]},"58":{"type":"branch","line":102,"loc":{"start":{"line":102,"column":18},"end":{"line":102,"column":23}},"locations":[{"start":{"line":102,"column":18},"end":{"line":102,"column":23}}]},"59":{"type":"branch","line":103,"loc":{"start":{"line":103,"column":18},"end":{"line":103,"column":23}},"locations":[{"start":{"line":103,"column":18},"end":{"line":103,"column":23}}]},"60":{"type":"branch","line":104,"loc":{"start":{"line":104,"column":18},"end":{"line":104,"column":23}},"locations":[{"start":{"line":104,"column":18},"end":{"line":104,"column":23}}]},"61":{"type":"branch","line":105,"loc":{"start":{"line":105,"column":30},"end":{"line":105,"column":42}},"locations":[{"start":{"line":105,"column":30},"end":{"line":105,"column":42}}]},"62":{"type":"branch","line":105,"loc":{"start":{"line":105,"column":43},"end":{"line":105,"column":49}},"locations":[{"start":{"line":105,"column":43},"end":{"line":105,"column":49}}]},"63":{"type":"branch","line":108,"loc":{"start":{"line":108,"column":29},"end":{"line":112,"column":2}},"locations":[{"start":{"line":108,"column":29},"end":{"line":112,"column":2}}]},"64":{"type":"branch","line":109,"loc":{"start":{"line":109,"column":22},"end":{"line":109,"column":27}},"locations":[{"start":{"line":109,"column":22},"end":{"line":109,"column":27}}]},"65":{"type":"branch","line":110,"loc":{"start":{"line":110,"column":20},"end":{"line":110,"column":25}},"locations":[{"start":{"line":110,"column":20},"end":{"line":110,"column":25}}]},"66":{"type":"branch","line":111,"loc":{"start":{"line":111,"column":65},"end":{"line":111,"column":69}},"locations":[{"start":{"line":111,"column":65},"end":{"line":111,"column":69}}]},"67":{"type":"branch","line":114,"loc":{"start":{"line":114,"column":26},"end":{"line":118,"column":2}},"locations":[{"start":{"line":114,"column":26},"end":{"line":118,"column":2}}]},"68":{"type":"branch","line":115,"loc":{"start":{"line":115,"column":24},"end":{"line":115,"column":29}},"locations":[{"start":{"line":115,"column":24},"end":{"line":115,"column":29}}]},"69":{"type":"branch","line":116,"loc":{"start":{"line":116,"column":22},"end":{"line":116,"column":26}},"locations":[{"start":{"line":116,"column":22},"end":{"line":116,"column":26}}]}},"b":{"0":[4],"1":[1],"2":[3],"3":[2],"4":[3],"5":[3],"6":[2],"7":[1],"8":[1],"9":[3],"10":[1],"11":[1],"12":[3],"13":[1],"14":[2],"15":[2],"16":[2],"17":[3],"18":[2],"19":[1],"20":[3],"21":[1],"22":[2],"23":[2],"24":[2],"25":[1],"26":[1],"27":[1],"28":[2],"29":[1],"30":[1],"31":[1],"32":[2],"33":[1],"34":[1],"35":[2],"36":[1],"37":[1],"38":[1],"39":[1],"40":[2],"41":[0],"42":[1],"43":[1],"44":[1],"45":[1],"46":[1],"47":[1],"48":[2],"49":[0],"50":[1],"51":[0],"52":[1],"53":[0],"54":[0],"55":[2],"56":[0],"57":[0],"58":[1],"59":[1],"60":[1],"61":[1],"62":[1],"63":[1],"64":[0],"65":[0],"66":[0],"67":[1],"68":[0],"69":[0]},"fnMap":{"0":{"name":"MapHeader","decl":{"start":{"line":9,"column":25},"end":{"line":13,"column":2}},"loc":{"start":{"line":9,"column":25},"end":{"line":13,"column":2}},"line":9},"1":{"name":"BlockCellArea","decl":{"start":{"line":15,"column":29},"end":{"line":18,"column":2}},"loc":{"start":{"line":15,"column":29},"end":{"line":18,"column":2}},"line":15},"2":{"name":"MapCellFurniture","decl":{"start":{"line":20,"column":32},"end":{"line":23,"column":2}},"loc":{"start":{"line":20,"column":32},"end":{"line":23,"column":2}},"line":20},"3":{"name":"MapCellMonster","decl":{"start":{"line":25,"column":30},"end":{"line":29,"column":2}},"loc":{"start":{"line":25,"column":30},"end":{"line":29,"column":2}},"line":25},"4":{"name":"MapCellTreasure","decl":{"start":{"line":31,"column":31},"end":{"line":36,"column":2}},"loc":{"start":{"line":31,"column":31},"end":{"line":36,"column":2}},"line":31},"5":{"name":"MapCellPassage","decl":{"start":{"line":38,"column":30},"end":{"line":41,"column":2}},"loc":{"start":{"line":38,"column":30},"end":{"line":41,"column":2}},"line":38},"6":{"name":"MapCellTrap","decl":{"start":{"line":43,"column":27},"end":{"line":47,"column":2}},"loc":{"start":{"line":43,"column":27},"end":{"line":47,"column":2}},"line":43},"7":{"name":"MapCell","decl":{"start":{"line":49,"column":23},"end":{"line":59,"column":2}},"loc":{"start":{"line":49,"column":23},"end":{"line":59,"column":2}},"line":49},"8":{"name":"MapHeroStart","decl":{"start":{"line":61,"column":28},"end":{"line":65,"column":2}},"loc":{"start":{"line":61,"column":28},"end":{"line":65,"column":2}},"line":61},"9":{"name":"MapDoor","decl":{"start":{"line":67,"column":23},"end":{"line":71,"column":2}},"loc":{"start":{"line":67,"column":23},"end":{"line":71,"column":2}},"line":67},"10":{"name":"MapScript","decl":{"start":{"line":73,"column":25},"end":{"line":78,"column":2}},"loc":{"start":{"line":73,"column":25},"end":{"line":78,"column":2}},"line":73},"11":{"name":"MapDefinition","decl":{"start":{"line":80,"column":29},"end":{"line":86,"column":2}},"loc":{"start":{"line":80,"column":29},"end":{"line":86,"column":2}},"line":80},"12":{"name":"Mission","decl":{"start":{"line":88,"column":23},"end":{"line":92,"column":2}},"loc":{"start":{"line":88,"column":23},"end":{"line":92,"column":2}},"line":88},"13":{"name":"Campaign","decl":{"start":{"line":94,"column":24},"end":{"line":97,"column":2}},"loc":{"start":{"line":94,"column":24},"end":{"line":97,"column":2}},"line":94},"14":{"name":"VisibilityCell","decl":{"start":{"line":99,"column":30},"end":{"line":106,"column":2}},"loc":{"start":{"line":99,"column":30},"end":{"line":106,"column":2}},"line":99},"15":{"name":"VisibilityMap","decl":{"start":{"line":108,"column":29},"end":{"line":112,"column":2}},"loc":{"start":{"line":108,"column":29},"end":{"line":112,"column":2}},"line":108},"16":{"name":"GameScript","decl":{"start":{"line":114,"column":26},"end":{"line":118,"column":2}},"loc":{"start":{"line":114,"column":26},"end":{"line":118,"column":2}},"line":114}},"f":{"0":4,"1":3,"2":3,"3":3,"4":3,"5":3,"6":3,"7":2,"8":2,"9":2,"10":2,"11":2,"12":2,"13":1,"14":2,"15":1,"16":1}}
,"C:\\Condivisa\\Progetti\\aiCode\\ISL\\example\\hq\\bin\\domain-ruleset.js": {"path":"C:\\Condivisa\\Progetti\\aiCode\\ISL\\example\\hq\\bin\\domain-ruleset.js","all":false,"statementMap":{"0":{"start":{"line":1,"column":0},"end":{"line":1,"column":3}},"1":{"start":{"line":2,"column":0},"end":{"line":2,"column":33}},"2":{"start":{"line":3,"column":0},"end":{"line":3,"column":37}},"3":{"start":{"line":4,"column":0},"end":{"line":4,"column":43}},"4":{"start":{"line":5,"column":0},"end":{"line":5,"column":32}},"5":{"start":{"line":6,"column":0},"end":{"line":6,"column":29}},"6":{"start":{"line":7,"column":0},"end":{"line":7,"column":3}},"7":{"start":{"line":8,"column":0},"end":{"line":8,"column":0}},"8":{"start":{"line":9,"column":0},"end":{"line":9,"column":37}},"9":{"start":{"line":10,"column":0},"end":{"line":10,"column":19}},"10":{"start":{"line":11,"column":0},"end":{"line":11,"column":28}},"11":{"start":{"line":12,"column":0},"end":{"line":12,"column":29}},"12":{"start":{"line":13,"column":0},"end":{"line":13,"column":27}},"13":{"start":{"line":14,"column":0},"end":{"line":14,"column":33}},"14":{"start":{"line":15,"column":0},"end":{"line":15,"column":25}},"15":{"start":{"line":16,"column":0},"end":{"line":16,"column":25}},"16":{"start":{"line":17,"column":0},"end":{"line":17,"column":34}},"17":{"start":{"line":18,"column":0},"end":{"line":18,"column":44}},"18":{"start":{"line":19,"column":0},"end":{"line":19,"column":31}},"19":{"start":{"line":20,"column":0},"end":{"line":20,"column":3}},"20":{"start":{"line":21,"column":0},"end":{"line":21,"column":0}},"21":{"start":{"line":22,"column":0},"end":{"line":22,"column":40}},"22":{"start":{"line":23,"column":0},"end":{"line":23,"column":19}},"23":{"start":{"line":24,"column":0},"end":{"line":24,"column":24}},"24":{"start":{"line":25,"column":0},"end":{"line":25,"column":33}},"25":{"start":{"line":26,"column":0},"end":{"line":26,"column":29}},"26":{"start":{"line":27,"column":0},"end":{"line":27,"column":27}},"27":{"start":{"line":28,"column":0},"end":{"line":28,"column":25}},"28":{"start":{"line":29,"column":0},"end":{"line":29,"column":25}},"29":{"start":{"line":30,"column":0},"end":{"line":30,"column":32}},"30":{"start":{"line":31,"column":0},"end":{"line":31,"column":34}},"31":{"start":{"line":32,"column":0},"end":{"line":32,"column":34}},"32":{"start":{"line":33,"column":0},"end":{"line":33,"column":3}},"33":{"start":{"line":34,"column":0},"end":{"line":34,"column":0}},"34":{"start":{"line":35,"column":0},"end":{"line":35,"column":42}},"35":{"start":{"line":36,"column":0},"end":{"line":36,"column":19}},"36":{"start":{"line":37,"column":0},"end":{"line":37,"column":24}},"37":{"start":{"line":38,"column":0},"end":{"line":38,"column":27}},"38":{"start":{"line":39,"column":0},"end":{"line":39,"column":27}},"39":{"start":{"line":40,"column":0},"end":{"line":40,"column":31}},"40":{"start":{"line":41,"column":0},"end":{"line":41,"column":39}},"41":{"start":{"line":42,"column":0},"end":{"line":42,"column":41}},"42":{"start":{"line":43,"column":0},"end":{"line":43,"column":37}},"43":{"start":{"line":44,"column":0},"end":{"line":44,"column":33}},"44":{"start":{"line":45,"column":0},"end":{"line":45,"column":35}},"45":{"start":{"line":46,"column":0},"end":{"line":46,"column":37}},"46":{"start":{"line":47,"column":0},"end":{"line":47,"column":25}},"47":{"start":{"line":48,"column":0},"end":{"line":48,"column":25}},"48":{"start":{"line":49,"column":0},"end":{"line":49,"column":29}},"49":{"start":{"line":50,"column":0},"end":{"line":50,"column":27}},"50":{"start":{"line":51,"column":0},"end":{"line":51,"column":37}},"51":{"start":{"line":52,"column":0},"end":{"line":52,"column":37}},"52":{"start":{"line":53,"column":0},"end":{"line":53,"column":29}},"53":{"start":{"line":54,"column":0},"end":{"line":54,"column":29}},"54":{"start":{"line":55,"column":0},"end":{"line":55,"column":33}},"55":{"start":{"line":56,"column":0},"end":{"line":56,"column":33}},"56":{"start":{"line":57,"column":0},"end":{"line":57,"column":27}},"57":{"start":{"line":58,"column":0},"end":{"line":58,"column":31}},"58":{"start":{"line":59,"column":0},"end":{"line":59,"column":3}},"59":{"start":{"line":60,"column":0},"end":{"line":60,"column":0}},"60":{"start":{"line":61,"column":0},"end":{"line":61,"column":37}},"61":{"start":{"line":62,"column":0},"end":{"line":62,"column":19}},"62":{"start":{"line":63,"column":0},"end":{"line":63,"column":24}},"63":{"start":{"line":64,"column":0},"end":{"line":64,"column":19}},"64":{"start":{"line":65,"column":0},"end":{"line":65,"column":19}},"65":{"start":{"line":66,"column":0},"end":{"line":66,"column":40}},"66":{"start":{"line":67,"column":0},"end":{"line":67,"column":33}},"67":{"start":{"line":68,"column":0},"end":{"line":68,"column":29}},"68":{"start":{"line":69,"column":0},"end":{"line":69,"column":27}},"69":{"start":{"line":70,"column":0},"end":{"line":70,"column":23}},"70":{"start":{"line":71,"column":0},"end":{"line":71,"column":29}},"71":{"start":{"line":72,"column":0},"end":{"line":72,"column":24}},"72":{"start":{"line":73,"column":0},"end":{"line":73,"column":3}},"73":{"start":{"line":74,"column":0},"end":{"line":74,"column":0}},"74":{"start":{"line":75,"column":0},"end":{"line":75,"column":38}},"75":{"start":{"line":76,"column":0},"end":{"line":76,"column":19}},"76":{"start":{"line":77,"column":0},"end":{"line":77,"column":24}},"77":{"start":{"line":78,"column":0},"end":{"line":78,"column":37}},"78":{"start":{"line":79,"column":0},"end":{"line":79,"column":38}},"79":{"start":{"line":80,"column":0},"end":{"line":80,"column":32}},"80":{"start":{"line":81,"column":0},"end":{"line":81,"column":26}},"81":{"start":{"line":82,"column":0},"end":{"line":82,"column":40}},"82":{"start":{"line":83,"column":0},"end":{"line":83,"column":30}},"83":{"start":{"line":84,"column":0},"end":{"line":84,"column":26}},"84":{"start":{"line":85,"column":0},"end":{"line":85,"column":3}},"85":{"start":{"line":86,"column":0},"end":{"line":86,"column":0}},"86":{"start":{"line":87,"column":0},"end":{"line":87,"column":45}},"87":{"start":{"line":88,"column":0},"end":{"line":88,"column":19}},"88":{"start":{"line":89,"column":0},"end":{"line":89,"column":30}},"89":{"start":{"line":90,"column":0},"end":{"line":90,"column":35}},"90":{"start":{"line":91,"column":0},"end":{"line":91,"column":27}},"91":{"start":{"line":92,"column":0},"end":{"line":92,"column":31}},"92":{"start":{"line":93,"column":0},"end":{"line":93,"column":3}}},"s":{"0":1,"1":1,"2":1,"3":1,"4":1,"5":1,"6":1,"7":1,"8":1,"9":5,"10":5,"11":5,"12":5,"13":5,"14":5,"15":5,"16":5,"17":5,"18":5,"19":1,"20":1,"21":1,"22":4,"23":4,"24":4,"25":4,"26":4,"27":4,"28":4,"29":4,"30":4,"31":4,"32":1,"33":1,"34":1,"35":4,"36":4,"37":4,"38":4,"39":4,"40":4,"41":4,"42":4,"43":4,"44":4,"45":4,"46":4,"47":4,"48":4,"49":4,"50":4,"51":4,"52":4,"53":4,"54":4,"55":4,"56":4,"57":4,"58":1,"59":1,"60":1,"61":2,"62":2,"63":2,"64":2,"65":2,"66":2,"67":2,"68":2,"69":2,"70":2,"71":2,"72":1,"73":1,"74":1,"75":2,"76":2,"77":2,"78":2,"79":2,"80":2,"81":2,"82":2,"83":2,"84":1,"85":1,"86":1,"87":3,"88":3,"89":3,"90":3,"91":3,"92":1},"branchMap":{"0":{"type":"branch","line":9,"loc":{"start":{"line":9,"column":20},"end":{"line":20,"column":2}},"locations":[{"start":{"line":9,"column":20},"end":{"line":20,"column":2}}]},"1":{"type":"branch","line":10,"loc":{"start":{"line":10,"column":14},"end":{"line":10,"column":18}},"locations":[{"start":{"line":10,"column":14},"end":{"line":10,"column":18}}]},"2":{"type":"branch","line":11,"loc":{"start":{"line":11,"column":22},"end":{"line":11,"column":27}},"locations":[{"start":{"line":11,"column":22},"end":{"line":11,"column":27}}]},"3":{"type":"branch","line":12,"loc":{"start":{"line":12,"column":24},"end":{"line":12,"column":28}},"locations":[{"start":{"line":12,"column":24},"end":{"line":12,"column":28}}]},"4":{"type":"branch","line":22,"loc":{"start":{"line":22,"column":23},"end":{"line":33,"column":2}},"locations":[{"start":{"line":22,"column":23},"end":{"line":33,"column":2}}]},"5":{"type":"branch","line":23,"loc":{"start":{"line":23,"column":14},"end":{"line":23,"column":18}},"locations":[{"start":{"line":23,"column":14},"end":{"line":23,"column":18}}]},"6":{"type":"branch","line":24,"loc":{"start":{"line":24,"column":18},"end":{"line":24,"column":23}},"locations":[{"start":{"line":24,"column":18},"end":{"line":24,"column":23}}]},"7":{"type":"branch","line":35,"loc":{"start":{"line":35,"column":25},"end":{"line":59,"column":2}},"locations":[{"start":{"line":35,"column":25},"end":{"line":59,"column":2}}]},"8":{"type":"branch","line":36,"loc":{"start":{"line":36,"column":14},"end":{"line":36,"column":18}},"locations":[{"start":{"line":36,"column":14},"end":{"line":36,"column":18}}]},"9":{"type":"branch","line":37,"loc":{"start":{"line":37,"column":18},"end":{"line":37,"column":23}},"locations":[{"start":{"line":37,"column":18},"end":{"line":37,"column":23}}]},"10":{"type":"branch","line":57,"loc":{"start":{"line":57,"column":22},"end":{"line":57,"column":26}},"locations":[{"start":{"line":57,"column":22},"end":{"line":57,"column":26}}]},"11":{"type":"branch","line":61,"loc":{"start":{"line":61,"column":20},"end":{"line":73,"column":2}},"locations":[{"start":{"line":61,"column":20},"end":{"line":73,"column":2}}]},"12":{"type":"branch","line":62,"loc":{"start":{"line":62,"column":14},"end":{"line":62,"column":18}},"locations":[{"start":{"line":62,"column":14},"end":{"line":62,"column":18}}]},"13":{"type":"branch","line":66,"loc":{"start":{"line":66,"column":30},"end":{"line":66,"column":39}},"locations":[{"start":{"line":66,"column":30},"end":{"line":66,"column":39}}]},"14":{"type":"branch","line":72,"loc":{"start":{"line":72,"column":20},"end":{"line":72,"column":24}},"locations":[{"start":{"line":72,"column":20},"end":{"line":72,"column":24}}]},"15":{"type":"branch","line":75,"loc":{"start":{"line":75,"column":21},"end":{"line":85,"column":2}},"locations":[{"start":{"line":75,"column":21},"end":{"line":85,"column":2}}]},"16":{"type":"branch","line":76,"loc":{"start":{"line":76,"column":14},"end":{"line":76,"column":18}},"locations":[{"start":{"line":76,"column":14},"end":{"line":76,"column":18}}]},"17":{"type":"branch","line":77,"loc":{"start":{"line":77,"column":18},"end":{"line":77,"column":23}},"locations":[{"start":{"line":77,"column":18},"end":{"line":77,"column":23}}]},"18":{"type":"branch","line":78,"loc":{"start":{"line":78,"column":26},"end":{"line":78,"column":36}},"locations":[{"start":{"line":78,"column":26},"end":{"line":78,"column":36}}]},"19":{"type":"branch","line":84,"loc":{"start":{"line":84,"column":22},"end":{"line":84,"column":26}},"locations":[{"start":{"line":84,"column":22},"end":{"line":84,"column":26}}]},"20":{"type":"branch","line":87,"loc":{"start":{"line":87,"column":28},"end":{"line":93,"column":2}},"locations":[{"start":{"line":87,"column":28},"end":{"line":93,"column":2}}]},"21":{"type":"branch","line":88,"loc":{"start":{"line":88,"column":14},"end":{"line":88,"column":18}},"locations":[{"start":{"line":88,"column":14},"end":{"line":88,"column":18}}]},"22":{"type":"branch","line":90,"loc":{"start":{"line":90,"column":22},"end":{"line":90,"column":34}},"locations":[{"start":{"line":90,"column":22},"end":{"line":90,"column":34}}]},"23":{"type":"branch","line":91,"loc":{"start":{"line":91,"column":22},"end":{"line":91,"column":26}},"locations":[{"start":{"line":91,"column":22},"end":{"line":91,"column":26}}]}},"b":{"0":[5],"1":[1],"2":[1],"3":[4],"4":[4],"5":[1],"6":[1],"7":[4],"8":[1],"9":[2],"10":[2],"11":[2],"12":[1],"13":[1],"14":[1],"15":[2],"16":[1],"17":[1],"18":[1],"19":[1],"20":[3],"21":[1],"22":[1],"23":[1]},"fnMap":{"0":{"name":"Hero","decl":{"start":{"line":9,"column":20},"end":{"line":20,"column":2}},"loc":{"start":{"line":9,"column":20},"end":{"line":20,"column":2}},"line":9},"1":{"name":"Monster","decl":{"start":{"line":22,"column":23},"end":{"line":33,"column":2}},"loc":{"start":{"line":22,"column":23},"end":{"line":33,"column":2}},"line":22},"2":{"name":"Equipment","decl":{"start":{"line":35,"column":25},"end":{"line":59,"column":2}},"loc":{"start":{"line":35,"column":25},"end":{"line":59,"column":2}},"line":35},"3":{"name":"Item","decl":{"start":{"line":61,"column":20},"end":{"line":73,"column":2}},"loc":{"start":{"line":61,"column":20},"end":{"line":73,"column":2}},"line":61},"4":{"name":"Spell","decl":{"start":{"line":75,"column":21},"end":{"line":85,"column":2}},"loc":{"start":{"line":75,"column":21},"end":{"line":85,"column":2}},"line":75},"5":{"name":"TreasureCard","decl":{"start":{"line":87,"column":28},"end":{"line":93,"column":2}},"loc":{"start":{"line":87,"column":28},"end":{"line":93,"column":2}},"line":87}},"f":{"0":5,"1":4,"2":4,"3":2,"4":2,"5":3}}
,"C:\\Condivisa\\Progetti\\aiCode\\ISL\\example\\hq\\bin\\domain-session.js": {"path":"C:\\Condivisa\\Progetti\\aiCode\\ISL\\example\\hq\\bin\\domain-session.js","all":false,"statementMap":{"0":{"start":{"line":1,"column":0},"end":{"line":1,"column":3}},"1":{"start":{"line":2,"column":0},"end":{"line":2,"column":33}},"2":{"start":{"line":3,"column":0},"end":{"line":3,"column":37}},"3":{"start":{"line":4,"column":0},"end":{"line":4,"column":43}},"4":{"start":{"line":5,"column":0},"end":{"line":5,"column":32}},"5":{"start":{"line":6,"column":0},"end":{"line":6,"column":29}},"6":{"start":{"line":7,"column":0},"end":{"line":7,"column":3}},"7":{"start":{"line":8,"column":0},"end":{"line":8,"column":0}},"8":{"start":{"line":9,"column":0},"end":{"line":9,"column":47}},"9":{"start":{"line":10,"column":0},"end":{"line":10,"column":65}},"10":{"start":{"line":11,"column":0},"end":{"line":11,"column":0}},"11":{"start":{"line":12,"column":0},"end":{"line":12,"column":42}},"12":{"start":{"line":13,"column":0},"end":{"line":13,"column":27}},"13":{"start":{"line":14,"column":0},"end":{"line":14,"column":33}},"14":{"start":{"line":15,"column":0},"end":{"line":15,"column":37}},"15":{"start":{"line":16,"column":0},"end":{"line":16,"column":37}},"16":{"start":{"line":17,"column":0},"end":{"line":17,"column":25}},"17":{"start":{"line":18,"column":0},"end":{"line":18,"column":70}},"18":{"start":{"line":19,"column":0},"end":{"line":19,"column":70}},"19":{"start":{"line":20,"column":0},"end":{"line":20,"column":67}},"20":{"start":{"line":21,"column":0},"end":{"line":21,"column":88}},"21":{"start":{"line":22,"column":0},"end":{"line":22,"column":79}},"22":{"start":{"line":23,"column":0},"end":{"line":23,"column":37}},"23":{"start":{"line":24,"column":0},"end":{"line":24,"column":17}},"24":{"start":{"line":25,"column":0},"end":{"line":25,"column":17}},"25":{"start":{"line":26,"column":0},"end":{"line":26,"column":42}},"26":{"start":{"line":27,"column":0},"end":{"line":27,"column":3}},"27":{"start":{"line":28,"column":0},"end":{"line":28,"column":0}},"28":{"start":{"line":29,"column":0},"end":{"line":29,"column":45}},"29":{"start":{"line":30,"column":0},"end":{"line":30,"column":19}},"30":{"start":{"line":31,"column":0},"end":{"line":31,"column":55}},"31":{"start":{"line":32,"column":0},"end":{"line":32,"column":17}},"32":{"start":{"line":33,"column":0},"end":{"line":33,"column":17}},"33":{"start":{"line":34,"column":0},"end":{"line":34,"column":37}},"34":{"start":{"line":35,"column":0},"end":{"line":35,"column":37}},"35":{"start":{"line":36,"column":0},"end":{"line":36,"column":78}},"36":{"start":{"line":37,"column":0},"end":{"line":37,"column":3}},"37":{"start":{"line":38,"column":0},"end":{"line":38,"column":0}},"38":{"start":{"line":39,"column":0},"end":{"line":39,"column":44}},"39":{"start":{"line":40,"column":0},"end":{"line":40,"column":40}},"40":{"start":{"line":41,"column":0},"end":{"line":41,"column":70}},"41":{"start":{"line":42,"column":0},"end":{"line":42,"column":53}},"42":{"start":{"line":43,"column":0},"end":{"line":43,"column":79}},"43":{"start":{"line":44,"column":0},"end":{"line":44,"column":88}},"44":{"start":{"line":45,"column":0},"end":{"line":45,"column":76}},"45":{"start":{"line":46,"column":0},"end":{"line":46,"column":91}},"46":{"start":{"line":47,"column":0},"end":{"line":47,"column":37}},"47":{"start":{"line":48,"column":0},"end":{"line":48,"column":59}},"48":{"start":{"line":49,"column":0},"end":{"line":49,"column":62}},"49":{"start":{"line":50,"column":0},"end":{"line":50,"column":99}},"50":{"start":{"line":51,"column":0},"end":{"line":51,"column":3}},"51":{"start":{"line":52,"column":0},"end":{"line":52,"column":0}},"52":{"start":{"line":53,"column":0},"end":{"line":53,"column":42}},"53":{"start":{"line":54,"column":0},"end":{"line":54,"column":35}},"54":{"start":{"line":55,"column":0},"end":{"line":55,"column":55}},"55":{"start":{"line":56,"column":0},"end":{"line":56,"column":46}},"56":{"start":{"line":57,"column":0},"end":{"line":57,"column":3}}},"s":{"0":1,"1":1,"2":1,"3":1,"4":1,"5":1,"6":1,"7":1,"8":1,"9":1,"10":1,"11":1,"12":4,"13":4,"14":4,"15":4,"16":4,"17":4,"18":4,"19":4,"20":4,"21":4,"22":4,"23":4,"24":4,"25":4,"26":1,"27":1,"28":1,"29":3,"30":3,"31":3,"32":3,"33":3,"34":3,"35":3,"36":1,"37":1,"38":1,"39":2,"40":2,"41":2,"42":2,"43":2,"44":2,"45":2,"46":2,"47":2,"48":2,"49":2,"50":1,"51":1,"52":1,"53":2,"54":2,"55":2,"56":1},"branchMap":{"0":{"type":"branch","line":12,"loc":{"start":{"line":12,"column":25},"end":{"line":27,"column":2}},"locations":[{"start":{"line":12,"column":25},"end":{"line":27,"column":2}}]},"1":{"type":"branch","line":13,"loc":{"start":{"line":13,"column":22},"end":{"line":13,"column":26}},"locations":[{"start":{"line":13,"column":22},"end":{"line":13,"column":26}}]},"2":{"type":"branch","line":14,"loc":{"start":{"line":14,"column":28},"end":{"line":14,"column":32}},"locations":[{"start":{"line":14,"column":28},"end":{"line":14,"column":32}}]},"3":{"type":"branch","line":15,"loc":{"start":{"line":15,"column":32},"end":{"line":15,"column":36}},"locations":[{"start":{"line":15,"column":32},"end":{"line":15,"column":36}}]},"4":{"type":"branch","line":16,"loc":{"start":{"line":16,"column":32},"end":{"line":16,"column":36}},"locations":[{"start":{"line":16,"column":32},"end":{"line":16,"column":36}}]},"5":{"type":"branch","line":17,"loc":{"start":{"line":17,"column":18},"end":{"line":17,"column":24}},"locations":[{"start":{"line":17,"column":18},"end":{"line":17,"column":24}}]},"6":{"type":"branch","line":18,"loc":{"start":{"line":18,"column":43},"end":{"line":18,"column":64}},"locations":[{"start":{"line":18,"column":43},"end":{"line":18,"column":64}}]},"7":{"type":"branch","line":18,"loc":{"start":{"line":18,"column":65},"end":{"line":18,"column":69}},"locations":[{"start":{"line":18,"column":65},"end":{"line":18,"column":69}}]},"8":{"type":"branch","line":19,"loc":{"start":{"line":19,"column":43},"end":{"line":19,"column":64}},"locations":[{"start":{"line":19,"column":43},"end":{"line":19,"column":64}}]},"9":{"type":"branch","line":19,"loc":{"start":{"line":19,"column":65},"end":{"line":19,"column":69}},"locations":[{"start":{"line":19,"column":65},"end":{"line":19,"column":69}}]},"10":{"type":"branch","line":20,"loc":{"start":{"line":20,"column":41},"end":{"line":20,"column":61}},"locations":[{"start":{"line":20,"column":41},"end":{"line":20,"column":61}}]},"11":{"type":"branch","line":20,"loc":{"start":{"line":20,"column":62},"end":{"line":20,"column":66}},"locations":[{"start":{"line":20,"column":62},"end":{"line":20,"column":66}}]},"12":{"type":"branch","line":21,"loc":{"start":{"line":21,"column":55},"end":{"line":21,"column":82}},"locations":[{"start":{"line":21,"column":55},"end":{"line":21,"column":82}}]},"13":{"type":"branch","line":21,"loc":{"start":{"line":21,"column":83},"end":{"line":21,"column":87}},"locations":[{"start":{"line":21,"column":83},"end":{"line":21,"column":87}}]},"14":{"type":"branch","line":22,"loc":{"start":{"line":22,"column":49},"end":{"line":22,"column":73}},"locations":[{"start":{"line":22,"column":49},"end":{"line":22,"column":73}}]},"15":{"type":"branch","line":22,"loc":{"start":{"line":22,"column":74},"end":{"line":22,"column":78}},"locations":[{"start":{"line":22,"column":74},"end":{"line":22,"column":78}}]},"16":{"type":"branch","line":23,"loc":{"start":{"line":23,"column":28},"end":{"line":23,"column":36}},"locations":[{"start":{"line":23,"column":28},"end":{"line":23,"column":36}}]},"17":{"type":"branch","line":24,"loc":{"start":{"line":24,"column":12},"end":{"line":24,"column":16}},"locations":[{"start":{"line":24,"column":12},"end":{"line":24,"column":16}}]},"18":{"type":"branch","line":25,"loc":{"start":{"line":25,"column":12},"end":{"line":25,"column":16}},"locations":[{"start":{"line":25,"column":12},"end":{"line":25,"column":16}}]},"19":{"type":"branch","line":26,"loc":{"start":{"line":26,"column":18},"end":{"line":26,"column":35}},"locations":[{"start":{"line":26,"column":18},"end":{"line":26,"column":35}}]},"20":{"type":"branch","line":26,"loc":{"start":{"line":26,"column":36},"end":{"line":26,"column":42}},"locations":[{"start":{"line":26,"column":36},"end":{"line":26,"column":42}}]},"21":{"type":"branch","line":29,"loc":{"start":{"line":29,"column":28},"end":{"line":37,"column":2}},"locations":[{"start":{"line":29,"column":28},"end":{"line":37,"column":2}}]},"22":{"type":"branch","line":30,"loc":{"start":{"line":30,"column":14},"end":{"line":30,"column":18}},"locations":[{"start":{"line":30,"column":14},"end":{"line":30,"column":18}}]},"23":{"type":"branch","line":31,"loc":{"start":{"line":31,"column":24},"end":{"line":31,"column":47}},"locations":[{"start":{"line":31,"column":24},"end":{"line":31,"column":47}}]},"24":{"type":"branch","line":31,"loc":{"start":{"line":31,"column":48},"end":{"line":31,"column":54}},"locations":[{"start":{"line":31,"column":48},"end":{"line":31,"column":54}}]},"25":{"type":"branch","line":36,"loc":{"start":{"line":36,"column":49},"end":{"line":36,"column":73}},"locations":[{"start":{"line":36,"column":49},"end":{"line":36,"column":73}}]},"26":{"type":"branch","line":36,"loc":{"start":{"line":36,"column":74},"end":{"line":36,"column":78}},"locations":[{"start":{"line":36,"column":74},"end":{"line":36,"column":78}}]},"27":{"type":"branch","line":39,"loc":{"start":{"line":39,"column":27},"end":{"line":51,"column":2}},"locations":[{"start":{"line":39,"column":27},"end":{"line":51,"column":2}}]},"28":{"type":"branch","line":40,"loc":{"start":{"line":40,"column":34},"end":{"line":40,"column":39}},"locations":[{"start":{"line":40,"column":34},"end":{"line":40,"column":39}}]},"29":{"type":"branch","line":41,"loc":{"start":{"line":41,"column":30},"end":{"line":41,"column":62}},"locations":[{"start":{"line":41,"column":30},"end":{"line":41,"column":62}}]},"30":{"type":"branch","line":41,"loc":{"start":{"line":41,"column":63},"end":{"line":41,"column":69}},"locations":[{"start":{"line":41,"column":63},"end":{"line":41,"column":69}}]},"31":{"type":"branch","line":42,"loc":{"start":{"line":42,"column":48},"end":{"line":42,"column":52}},"locations":[{"start":{"line":42,"column":48},"end":{"line":42,"column":52}}]},"32":{"type":"branch","line":43,"loc":{"start":{"line":43,"column":74},"end":{"line":43,"column":78}},"locations":[{"start":{"line":43,"column":74},"end":{"line":43,"column":78}}]},"33":{"type":"branch","line":44,"loc":{"start":{"line":44,"column":41},"end":{"line":44,"column":82}},"locations":[{"start":{"line":44,"column":41},"end":{"line":44,"column":82}}]},"34":{"type":"branch","line":44,"loc":{"start":{"line":44,"column":83},"end":{"line":44,"column":87}},"locations":[{"start":{"line":44,"column":83},"end":{"line":44,"column":87}}]},"35":{"type":"branch","line":45,"loc":{"start":{"line":45,"column":47},"end":{"line":45,"column":70}},"locations":[{"start":{"line":45,"column":47},"end":{"line":45,"column":70}}]},"36":{"type":"branch","line":45,"loc":{"start":{"line":45,"column":71},"end":{"line":45,"column":75}},"locations":[{"start":{"line":45,"column":71},"end":{"line":45,"column":75}}]},"37":{"type":"branch","line":46,"loc":{"start":{"line":46,"column":57},"end":{"line":46,"column":85}},"locations":[{"start":{"line":46,"column":57},"end":{"line":46,"column":85}}]},"38":{"type":"branch","line":46,"loc":{"start":{"line":46,"column":86},"end":{"line":46,"column":90}},"locations":[{"start":{"line":46,"column":86},"end":{"line":46,"column":90}}]},"39":{"type":"branch","line":49,"loc":{"start":{"line":49,"column":30},"end":{"line":49,"column":54}},"locations":[{"start":{"line":49,"column":30},"end":{"line":49,"column":54}}]},"40":{"type":"branch","line":49,"loc":{"start":{"line":49,"column":55},"end":{"line":49,"column":61}},"locations":[{"start":{"line":49,"column":55},"end":{"line":49,"column":61}}]},"41":{"type":"branch","line":50,"loc":{"start":{"line":50,"column":49},"end":{"line":50,"column":94}},"locations":[{"start":{"line":50,"column":49},"end":{"line":50,"column":94}}]},"42":{"type":"branch","line":50,"loc":{"start":{"line":50,"column":95},"end":{"line":50,"column":99}},"locations":[{"start":{"line":50,"column":95},"end":{"line":50,"column":99}}]},"43":{"type":"branch","line":43,"loc":{"start":{"line":43,"column":55},"end":{"line":43,"column":72}},"locations":[{"start":{"line":43,"column":55},"end":{"line":43,"column":72}}]},"44":{"type":"branch","line":44,"loc":{"start":{"line":44,"column":61},"end":{"line":44,"column":81}},"locations":[{"start":{"line":44,"column":61},"end":{"line":44,"column":81}}]},"45":{"type":"branch","line":50,"loc":{"start":{"line":50,"column":73},"end":{"line":50,"column":93}},"locations":[{"start":{"line":50,"column":73},"end":{"line":50,"column":93}}]},"46":{"type":"branch","line":53,"loc":{"start":{"line":53,"column":25},"end":{"line":57,"column":2}},"locations":[{"start":{"line":53,"column":25},"end":{"line":57,"column":2}}]},"47":{"type":"branch","line":54,"loc":{"start":{"line":54,"column":26},"end":{"line":54,"column":34}},"locations":[{"start":{"line":54,"column":26},"end":{"line":54,"column":34}}]},"48":{"type":"branch","line":56,"loc":{"start":{"line":56,"column":38},"end":{"line":56,"column":46}},"locations":[{"start":{"line":56,"column":38},"end":{"line":56,"column":46}}]}},"b":{"0":[4],"1":[0],"2":[3],"3":[3],"4":[3],"5":[2],"6":[2],"7":[2],"8":[3],"9":[1],"10":[2],"11":[2],"12":[2],"13":[2],"14":[2],"15":[2],"16":[3],"17":[3],"18":[3],"19":[2],"20":[2],"21":[3],"22":[1],"23":[2],"24":[1],"25":[1],"26":[2],"27":[2],"28":[1],"29":[1],"30":[1],"31":[1],"32":[0],"33":[1],"34":[1],"35":[1],"36":[1],"37":[1],"38":[1],"39":[1],"40":[1],"41":[1],"42":[1],"43":[2],"44":[1],"45":[1],"46":[2],"47":[1],"48":[1]},"fnMap":{"0":{"name":"HeroState","decl":{"start":{"line":12,"column":25},"end":{"line":27,"column":2}},"loc":{"start":{"line":12,"column":25},"end":{"line":27,"column":2}},"line":12},"1":{"name":"MonsterState","decl":{"start":{"line":29,"column":28},"end":{"line":37,"column":2}},"loc":{"start":{"line":29,"column":28},"end":{"line":37,"column":2}},"line":29},"2":{"name":"GameSession","decl":{"start":{"line":39,"column":27},"end":{"line":51,"column":2}},"loc":{"start":{"line":39,"column":27},"end":{"line":51,"column":2}},"line":39},"3":{"name":"TurnPhase","decl":{"start":{"line":53,"column":25},"end":{"line":57,"column":2}},"loc":{"start":{"line":53,"column":25},"end":{"line":57,"column":2}},"line":53}},"f":{"0":4,"1":3,"2":2,"3":2}}
,"C:\\Condivisa\\Progetti\\aiCode\\ISL\\example\\hq\\bin\\domain-spells-data.js": {"path":"C:\\Condivisa\\Progetti\\aiCode\\ISL\\example\\hq\\bin\\domain-spells-data.js","all":true,"statementMap":{"0":{"start":{"line":1,"column":0},"end":{"line":1,"column":3}},"1":{"start":{"line":2,"column":0},"end":{"line":2,"column":33}},"2":{"start":{"line":3,"column":0},"end":{"line":3,"column":37}},"3":{"start":{"line":4,"column":0},"end":{"line":4,"column":43}},"4":{"start":{"line":5,"column":0},"end":{"line":5,"column":36}},"5":{"start":{"line":6,"column":0},"end":{"line":6,"column":29}},"6":{"start":{"line":7,"column":0},"end":{"line":7,"column":3}},"7":{"start":{"line":8,"column":0},"end":{"line":8,"column":0}},"8":{"start":{"line":9,"column":0},"end":{"line":9,"column":41}},"9":{"start":{"line":10,"column":0},"end":{"line":10,"column":0}},"10":{"start":{"line":11,"column":0},"end":{"line":11,"column":22}},"11":{"start":{"line":12,"column":0},"end":{"line":12,"column":9}},"12":{"start":{"line":13,"column":0},"end":{"line":13,"column":10}},"13":{"start":{"line":14,"column":0},"end":{"line":14,"column":27}},"14":{"start":{"line":15,"column":0},"end":{"line":15,"column":22}},"15":{"start":{"line":16,"column":0},"end":{"line":16,"column":26}},"16":{"start":{"line":17,"column":0},"end":{"line":17,"column":30}},"17":{"start":{"line":18,"column":0},"end":{"line":18,"column":14}},"18":{"start":{"line":19,"column":0},"end":{"line":19,"column":28}},"19":{"start":{"line":20,"column":0},"end":{"line":20,"column":31}},"20":{"start":{"line":21,"column":0},"end":{"line":21,"column":56}},"21":{"start":{"line":22,"column":0},"end":{"line":22,"column":5}},"22":{"start":{"line":23,"column":0},"end":{"line":23,"column":9}},"23":{"start":{"line":24,"column":0},"end":{"line":24,"column":10}},"24":{"start":{"line":25,"column":0},"end":{"line":25,"column":28}},"25":{"start":{"line":26,"column":0},"end":{"line":26,"column":22}},"26":{"start":{"line":27,"column":0},"end":{"line":27,"column":26}},"27":{"start":{"line":28,"column":0},"end":{"line":28,"column":31}},"28":{"start":{"line":29,"column":0},"end":{"line":29,"column":14}},"29":{"start":{"line":30,"column":0},"end":{"line":30,"column":28}},"30":{"start":{"line":31,"column":0},"end":{"line":31,"column":31}},"31":{"start":{"line":32,"column":0},"end":{"line":32,"column":56}},"32":{"start":{"line":33,"column":0},"end":{"line":33,"column":5}},"33":{"start":{"line":34,"column":0},"end":{"line":34,"column":9}},"34":{"start":{"line":35,"column":0},"end":{"line":35,"column":10}},"35":{"start":{"line":36,"column":0},"end":{"line":36,"column":21}},"36":{"start":{"line":37,"column":0},"end":{"line":37,"column":22}},"37":{"start":{"line":38,"column":0},"end":{"line":38,"column":23}},"38":{"start":{"line":39,"column":0},"end":{"line":39,"column":24}},"39":{"start":{"line":40,"column":0},"end":{"line":40,"column":14}},"40":{"start":{"line":41,"column":0},"end":{"line":41,"column":28}},"41":{"start":{"line":42,"column":0},"end":{"line":42,"column":31}},"42":{"start":{"line":43,"column":0},"end":{"line":43,"column":86}},"43":{"start":{"line":44,"column":0},"end":{"line":44,"column":5}},"44":{"start":{"line":45,"column":0},"end":{"line":45,"column":9}},"45":{"start":{"line":46,"column":0},"end":{"line":46,"column":10}},"46":{"start":{"line":47,"column":0},"end":{"line":47,"column":29}},"47":{"start":{"line":48,"column":0},"end":{"line":48,"column":22}},"48":{"start":{"line":49,"column":0},"end":{"line":49,"column":23}},"49":{"start":{"line":50,"column":0},"end":{"line":50,"column":32}},"50":{"start":{"line":51,"column":0},"end":{"line":51,"column":14}},"51":{"start":{"line":52,"column":0},"end":{"line":52,"column":28}},"52":{"start":{"line":53,"column":0},"end":{"line":53,"column":31}},"53":{"start":{"line":54,"column":0},"end":{"line":54,"column":69}},"54":{"start":{"line":55,"column":0},"end":{"line":55,"column":5}},"55":{"start":{"line":56,"column":0},"end":{"line":56,"column":9}},"56":{"start":{"line":57,"column":0},"end":{"line":57,"column":10}},"57":{"start":{"line":58,"column":0},"end":{"line":58,"column":30}},"58":{"start":{"line":59,"column":0},"end":{"line":59,"column":22}},"59":{"start":{"line":60,"column":0},"end":{"line":60,"column":23}},"60":{"start":{"line":61,"column":0},"end":{"line":61,"column":33}},"61":{"start":{"line":62,"column":0},"end":{"line":62,"column":14}},"62":{"start":{"line":63,"column":0},"end":{"line":63,"column":28}},"63":{"start":{"line":64,"column":0},"end":{"line":64,"column":31}},"64":{"start":{"line":65,"column":0},"end":{"line":65,"column":93}},"65":{"start":{"line":66,"column":0},"end":{"line":66,"column":5}},"66":{"start":{"line":67,"column":0},"end":{"line":67,"column":9}},"67":{"start":{"line":68,"column":0},"end":{"line":68,"column":10}},"68":{"start":{"line":69,"column":0},"end":{"line":69,"column":18}},"69":{"start":{"line":70,"column":0},"end":{"line":70,"column":22}},"70":{"start":{"line":71,"column":0},"end":{"line":71,"column":26}},"71":{"start":{"line":72,"column":0},"end":{"line":72,"column":21}},"72":{"start":{"line":73,"column":0},"end":{"line":73,"column":14}},"73":{"start":{"line":74,"column":0},"end":{"line":74,"column":28}},"74":{"start":{"line":75,"column":0},"end":{"line":75,"column":31}},"75":{"start":{"line":76,"column":0},"end":{"line":76,"column":89}},"76":{"start":{"line":77,"column":0},"end":{"line":77,"column":5}},"77":{"start":{"line":78,"column":0},"end":{"line":78,"column":9}},"78":{"start":{"line":79,"column":0},"end":{"line":79,"column":10}},"79":{"start":{"line":80,"column":0},"end":{"line":80,"column":28}},"80":{"start":{"line":81,"column":0},"end":{"line":81,"column":22}},"81":{"start":{"line":82,"column":0},"end":{"line":82,"column":23}},"82":{"start":{"line":83,"column":0},"end":{"line":83,"column":31}},"83":{"start":{"line":84,"column":0},"end":{"line":84,"column":14}},"84":{"start":{"line":85,"column":0},"end":{"line":85,"column":28}},"85":{"start":{"line":86,"column":0},"end":{"line":86,"column":31}},"86":{"start":{"line":87,"column":0},"end":{"line":87,"column":79}},"87":{"start":{"line":88,"column":0},"end":{"line":88,"column":5}},"88":{"start":{"line":89,"column":0},"end":{"line":89,"column":9}},"89":{"start":{"line":90,"column":0},"end":{"line":90,"column":10}},"90":{"start":{"line":91,"column":0},"end":{"line":91,"column":24}},"91":{"start":{"line":92,"column":0},"end":{"line":92,"column":22}},"92":{"start":{"line":93,"column":0},"end":{"line":93,"column":23}},"93":{"start":{"line":94,"column":0},"end":{"line":94,"column":27}},"94":{"start":{"line":95,"column":0},"end":{"line":95,"column":14}},"95":{"start":{"line":96,"column":0},"end":{"line":96,"column":28}},"96":{"start":{"line":97,"column":0},"end":{"line":97,"column":31}},"97":{"start":{"line":98,"column":0},"end":{"line":98,"column":145}},"98":{"start":{"line":99,"column":0},"end":{"line":99,"column":5}},"99":{"start":{"line":100,"column":0},"end":{"line":100,"column":9}},"100":{"start":{"line":101,"column":0},"end":{"line":101,"column":10}},"101":{"start":{"line":102,"column":0},"end":{"line":102,"column":18}},"102":{"start":{"line":103,"column":0},"end":{"line":103,"column":22}},"103":{"start":{"line":104,"column":0},"end":{"line":104,"column":26}},"104":{"start":{"line":105,"column":0},"end":{"line":105,"column":21}},"105":{"start":{"line":106,"column":0},"end":{"line":106,"column":14}},"106":{"start":{"line":107,"column":0},"end":{"line":107,"column":28}},"107":{"start":{"line":108,"column":0},"end":{"line":108,"column":31}},"108":{"start":{"line":109,"column":0},"end":{"line":109,"column":87}},"109":{"start":{"line":110,"column":0},"end":{"line":110,"column":5}},"110":{"start":{"line":111,"column":0},"end":{"line":111,"column":9}},"111":{"start":{"line":112,"column":0},"end":{"line":112,"column":11}},"112":{"start":{"line":113,"column":0},"end":{"line":113,"co
[...]
lumn":0},"end":{"line":84,"column":169}},"84":{"start":{"line":85,"column":0},"end":{"line":85,"column":58}},"85":{"start":{"line":86,"column":0},"end":{"line":86,"column":41}},"86":{"start":{"line":87,"column":0},"end":{"line":87,"column":84}},"87":{"start":{"line":88,"column":0},"end":{"line":88,"column":64}},"88":{"start":{"line":89,"column":0},"end":{"line":89,"column":103}},"89":{"start":{"line":90,"column":0},"end":{"line":90,"column":38}},"90":{"start":{"line":91,"column":0},"end":{"line":91,"column":37}},"91":{"start":{"line":92,"column":0},"end":{"line":92,"column":107}},"92":{"start":{"line":93,"column":0},"end":{"line":93,"column":34}},"93":{"start":{"line":94,"column":0},"end":{"line":94,"column":34}},"94":{"start":{"line":95,"column":0},"end":{"line":95,"column":28}},"95":{"start":{"line":96,"column":0},"end":{"line":96,"column":97}},"96":{"start":{"line":97,"column":0},"end":{"line":97,"column":51}},"97":{"start":{"line":98,"column":0},"end":{"line":98,"column":33}},"98":{"start":{"line":99,"column":0},"end":{"line":99,"column":28}},"99":{"start":{"line":100,"column":0},"end":{"line":100,"column":84}},"100":{"start":{"line":101,"column":0},"end":{"line":101,"column":66}},"101":{"start":{"line":102,"column":0},"end":{"line":102,"column":32}},"102":{"start":{"line":103,"column":0},"end":{"line":103,"column":28}},"103":{"start":{"line":104,"column":0},"end":{"line":104,"column":54}},"104":{"start":{"line":105,"column":0},"end":{"line":105,"column":125}},"105":{"start":{"line":106,"column":0},"end":{"line":106,"column":97}},"106":{"start":{"line":107,"column":0},"end":{"line":107,"column":51}},"107":{"start":{"line":108,"column":0},"end":{"line":108,"column":40}},"108":{"start":{"line":109,"column":0},"end":{"line":109,"column":38}},"109":{"start":{"line":110,"column":0},"end":{"line":110,"column":30}},"110":{"start":{"line":111,"column":0},"end":{"line":111,"column":27}},"111":{"start":{"line":112,"column":0},"end":{"line":112,"column":25}},"112":{"start":{"line":113,"column":0},"end":{"line":113,"column":115}},"113":{"start":{"line":114,"column":0},"end":{"line":114,"column":163}},"114":{"start":{"line":115,"column":0},"end":{"line":115,"column":246}},"115":{"start":{"line":116,"column":0},"end":{"line":116,"column":34}},"116":{"start":{"line":117,"column":0},"end":{"line":117,"column":128}},"117":{"start":{"line":118,"column":0},"end":{"line":118,"column":30}},"118":{"start":{"line":119,"column":0},"end":{"line":119,"column":22}},"119":{"start":{"line":120,"column":0},"end":{"line":120,"column":22}},"120":{"start":{"line":121,"column":0},"end":{"line":121,"column":0}},"121":{"start":{"line":122,"column":0},"end":{"line":122,"column":31}},"122":{"start":{"line":123,"column":0},"end":{"line":123,"column":61}},"123":{"start":{"line":124,"column":0},"end":{"line":124,"column":27}},"124":{"start":{"line":125,"column":0},"end":{"line":125,"column":43}},"125":{"start":{"line":126,"column":0},"end":{"line":126,"column":59}},"126":{"start":{"line":127,"column":0},"end":{"line":127,"column":56}},"127":{"start":{"line":128,"column":0},"end":{"line":128,"column":385}},"128":{"start":{"line":129,"column":0},"end":{"line":129,"column":21}},"129":{"start":{"line":130,"column":0},"end":{"line":130,"column":32}},"130":{"start":{"line":131,"column":0},"end":{"line":131,"column":29}},"131":{"start":{"line":132,"column":0},"end":{"line":132,"column":20}},"132":{"start":{"line":133,"column":0},"end":{"line":133,"column":27}},"133":{"start":{"line":134,"column":0},"end":{"line":134,"column":48}},"134":{"start":{"line":135,"column":0},"end":{"line":135,"column":255}},"135":{"start":{"line":136,"column":0},"end":{"line":136,"column":21}},"136":{"start":{"line":137,"column":0},"end":{"line":137,"column":41}},"137":{"start":{"line":138,"column":0},"end":{"line":138,"column":29}},"138":{"start":{"line":139,"column":0},"end":{"line":139,"column":20}},"139":{"start":{"line":140,"column":0},"end":{"line":140,"column":27}},"140":{"start":{"line":141,"column":0},"end":{"line":141,"column":40}},"141":{"start":{"line":142,"column":0},"end":{"line":142,"column":258}},"142":{"start":{"line":143,"column":0},"end":{"line":143,"column":21}},"143":{"start":{"line":144,"column":0},"end":{"line":144,"column":32}},"144":{"start":{"line":145,"column":0},"end":{"line":145,"column":29}},"145":{"start":{"line":146,"column":0},"end":{"line":146,"column":22}},"146":{"start":{"line":147,"column":0},"end":{"line":147,"column":18}},"147":{"start":{"line":148,"column":0},"end":{"line":148,"column":14}},"148":{"start":{"line":149,"column":0},"end":{"line":149,"column":6}},"149":{"start":{"line":150,"column":0},"end":{"line":150,"column":1}}},"s":{"0":0,"1":0,"2":0,"3":0,"4":0,"5":0,"6":0,"7":0,"8":0,"9":0,"10":0,"11":0,"12":0,"13":0,"14":0,"15":0,"16":0,"17":0,"18":0,"19":0,"20":0,"21":0,"22":0,"23":0,"24":0,"25":0,"26":0,"27":0,"28":0,"29":0,"30":0,"31":0,"32":0,"33":0,"34":0,"35":0,"36":0,"37":0,"38":0,"39":0,"40":0,"41":0,"42":0,"43":0,"44":0,"45":0,"46":0,"47":0,"48":0,"49":0,"50":0,"51":0,"52":0,"53":0,"54":0,"55":0,"56":0,"57":0,"58":0,"59":0,"60":0,"61":0,"62":0,"63":0,"64":0,"65":0,"66":0,"67":0,"68":0,"69":0,"70":0,"71":0,"72":0,"73":0,"74":0,"75":0,"76":0,"77":0,"78":0,"79":0,"80":0,"81":0,"82":0,"83":0,"84":0,"85":0,"86":0,"87":0,"88":0,"89":0,"90":0,"91":0,"92":0,"93":0,"94":0,"95":0,"96":0,"97":0,"98":0,"99":0,"100":0,"101":0,"102":0,"103":0,"104":0,"105":0,"106":0,"107":0,"108":0,"109":0,"110":0,"111":0,"112":0,"113":0,"114":0,"115":0,"116":0,"117":0,"118":0,"119":0,"120":0,"121":0,"122":0,"123":0,"124":0,"125":0,"126":0,"127":0,"128":0,"129":0,"130":0,"131":0,"132":0,"133":0,"134":0,"135":0,"136":0,"137":0,"138":0,"139":0,"140":0,"141":0,"142":0,"143":0,"144":0,"145":0,"146":0,"147":0,"148":0,"149":0},"branchMap":{"0":{"type":"branch","line":1,"loc":{"start":{"line":1,"column":0},"end":{"line":150,"column":-2114}},"locations":[{"start":{"line":1,"column":0},"end":{"line":150,"column":-2114}}]}},"b":{"0":[0]},"fnMap":{"0":{"name":"(empty-report)","decl":{"start":{"line":1,"column":0},"end":{"line":150,"column":-2114}},"loc":{"start":{"line":1,"column":0},"end":{"line":150,"column":-2114}},"line":1}},"f":{"0":0}}
,"C:\\Condivisa\\Progetti\\aiCode\\ISL\\example\\hq\\bin\\shop-logic.js": {"path":"C:\\Condivisa\\Progetti\\aiCode\\ISL\\example\\hq\\bin\\shop-logic.js","all":false,"statementMap":{"0":{"start":{"line":1,"column":0},"end":{"line":1,"column":3}},"1":{"start":{"line":2,"column":0},"end":{"line":2,"column":33}},"2":{"start":{"line":3,"column":0},"end":{"line":3,"column":37}},"3":{"start":{"line":4,"column":0},"end":{"line":4,"column":43}},"4":{"start":{"line":5,"column":0},"end":{"line":5,"column":28}},"5":{"start":{"line":6,"column":0},"end":{"line":6,"column":29}},"6":{"start":{"line":7,"column":0},"end":{"line":7,"column":3}},"7":{"start":{"line":8,"column":0},"end":{"line":8,"column":0}},"8":{"start":{"line":9,"column":0},"end":{"line":9,"column":53}},"9":{"start":{"line":10,"column":0},"end":{"line":10,"column":60}},"10":{"start":{"line":11,"column":0},"end":{"line":11,"column":0}},"11":{"start":{"line":12,"column":0},"end":{"line":12,"column":41}},"12":{"start":{"line":13,"column":0},"end":{"line":13,"column":9}},"13":{"start":{"line":14,"column":0},"end":{"line":14,"column":71}},"14":{"start":{"line":15,"column":0},"end":{"line":15,"column":43}},"15":{"start":{"line":16,"column":0},"end":{"line":16,"column":45}},"16":{"start":{"line":17,"column":0},"end":{"line":17,"column":11}},"17":{"start":{"line":18,"column":0},"end":{"line":18,"column":0}},"18":{"start":{"line":19,"column":0},"end":{"line":19,"column":55}},"19":{"start":{"line":20,"column":0},"end":{"line":20,"column":61}},"20":{"start":{"line":21,"column":0},"end":{"line":21,"column":0}},"21":{"start":{"line":22,"column":0},"end":{"line":22,"column":101}},"22":{"start":{"line":23,"column":0},"end":{"line":23,"column":8}},"23":{"start":{"line":24,"column":0},"end":{"line":24,"column":73}},"24":{"start":{"line":25,"column":0},"end":{"line":25,"column":49}},"25":{"start":{"line":26,"column":0},"end":{"line":26,"column":69}},"26":{"start":{"line":27,"column":0},"end":{"line":27,"column":0}},"27":{"start":{"line":28,"column":0},"end":{"line":28,"column":33}},"28":{"start":{"line":29,"column":0},"end":{"line":29,"column":21}},"29":{"start":{"line":30,"column":0},"end":{"line":30,"column":57}},"30":{"start":{"line":31,"column":0},"end":{"line":31,"column":41}},"31":{"start":{"line":32,"column":0},"end":{"line":32,"column":5}},"32":{"start":{"line":33,"column":0},"end":{"line":33,"column":2}},"33":{"start":{"line":34,"column":0},"end":{"line":34,"column":0}},"34":{"start":{"line":35,"column":0},"end":{"line":35,"column":54}},"35":{"start":{"line":36,"column":0},"end":{"line":36,"column":30}},"36":{"start":{"line":37,"column":0},"end":{"line":37,"column":58}},"37":{"start":{"line":38,"column":0},"end":{"line":38,"column":5}},"38":{"start":{"line":39,"column":0},"end":{"line":39,"column":0}},"39":{"start":{"line":40,"column":0},"end":{"line":40,"column":68}},"40":{"start":{"line":41,"column":0},"end":{"line":41,"column":60}},"41":{"start":{"line":42,"column":0},"end":{"line":42,"column":0}},"42":{"start":{"line":43,"column":0},"end":{"line":43,"column":34}},"43":{"start":{"line":44,"column":0},"end":{"line":44,"column":61}},"44":{"start":{"line":45,"column":0},"end":{"line":45,"column":5}},"45":{"start":{"line":46,"column":0},"end":{"line":46,"column":0}},"46":{"start":{"line":47,"column":0},"end":{"line":47,"column":71}},"47":{"start":{"line":48,"column":0},"end":{"line":48,"column":59}},"48":{"start":{"line":49,"column":0},"end":{"line":49,"column":5}},"49":{"start":{"line":50,"column":0},"end":{"line":50,"column":0}},"50":{"start":{"line":51,"column":0},"end":{"line":51,"column":67}},"51":{"start":{"line":52,"column":0},"end":{"line":52,"column":65}},"52":{"start":{"line":53,"column":0},"end":{"line":53,"column":5}},"53":{"start":{"line":54,"column":0},"end":{"line":54,"column":0}},"54":{"start":{"line":55,"column":0},"end":{"line":55,"column":71}},"55":{"start":{"line":56,"column":0},"end":{"line":56,"column":70}},"56":{"start":{"line":57,"column":0},"end":{"line":57,"column":5}},"57":{"start":{"line":58,"column":0},"end":{"line":58,"column":0}},"58":{"start":{"line":59,"column":0},"end":{"line":59,"column":41}},"59":{"start":{"line":60,"column":0},"end":{"line":60,"column":2}},"60":{"start":{"line":61,"column":0},"end":{"line":61,"column":0}},"61":{"start":{"line":62,"column":0},"end":{"line":62,"column":62}},"62":{"start":{"line":63,"column":0},"end":{"line":63,"column":38}},"63":{"start":{"line":64,"column":0},"end":{"line":64,"column":23}},"64":{"start":{"line":65,"column":0},"end":{"line":65,"column":5}},"65":{"start":{"line":66,"column":0},"end":{"line":66,"column":0}},"66":{"start":{"line":67,"column":0},"end":{"line":67,"column":62}},"67":{"start":{"line":68,"column":0},"end":{"line":68,"column":23}},"68":{"start":{"line":69,"column":0},"end":{"line":69,"column":5}},"69":{"start":{"line":70,"column":0},"end":{"line":70,"column":0}},"70":{"start":{"line":71,"column":0},"end":{"line":71,"column":55}},"71":{"start":{"line":72,"column":0},"end":{"line":72,"column":82}},"72":{"start":{"line":73,"column":0},"end":{"line":73,"column":62}},"73":{"start":{"line":74,"column":0},"end":{"line":74,"column":61}},"74":{"start":{"line":75,"column":0},"end":{"line":75,"column":0}},"75":{"start":{"line":76,"column":0},"end":{"line":76,"column":40}},"76":{"start":{"line":77,"column":0},"end":{"line":77,"column":28}},"77":{"start":{"line":78,"column":0},"end":{"line":78,"column":38}},"78":{"start":{"line":79,"column":0},"end":{"line":79,"column":49}},"79":{"start":{"line":80,"column":0},"end":{"line":80,"column":7}},"80":{"start":{"line":81,"column":0},"end":{"line":81,"column":0}},"81":{"start":{"line":82,"column":0},"end":{"line":82,"column":46}},"82":{"start":{"line":83,"column":0},"end":{"line":83,"column":48}},"83":{"start":{"line":84,"column":0},"end":{"line":84,"column":0}},"84":{"start":{"line":85,"column":0},"end":{"line":85,"column":24}},"85":{"start":{"line":86,"column":0},"end":{"line":86,"column":19}},"86":{"start":{"line":87,"column":0},"end":{"line":87,"column":29}},"87":{"start":{"line":88,"column":0},"end":{"line":88,"column":7}},"88":{"start":{"line":89,"column":0},"end":{"line":89,"column":2}}},"s":{"0":1,"1":1,"2":1,"3":1,"4":1,"5":1,"6":1,"7":1,"8":1,"9":1,"10":1,"11":1,"12":2,"13":2,"14":2,"15":2,"16":2,"17":1,"18":1,"19":1,"20":1,"21":2,"22":2,"23":2,"24":2,"25":2,"26":2,"27":2,"28":2,"29":1,"30":1,"31":1,"32":2,"33":1,"34":1,"35":6,"36":1,"37":1,"38":5,"39":6,"40":6,"41":6,"42":6,"43":1,"44":1,"45":4,"46":6,"47":1,"48":1,"49":3,"50":6,"51":1,"52":1,"53":2,"54":6,"55":1,"56":1,"57":1,"58":1,"59":1,"60":1,"61":1,"62":2,"63":0,"64":0,"65":2,"66":2,"67":1,"68":1,"69":1,"70":1,"71":2,"72":2,"73":2,"74":2,"75":2,"76":2,"77":2,"78":2,"79":2,"80":2,"81":2,"82":2,"83":2,"84":2,"85":2,"86":2,"87":2,"88":2},"branchMap":{"0":{"type":"branch","line":12,"loc":{"start":{"line":12,"column":28},"end":{"line":33,"column":2}},"locations":[{"start":{"line":12,"column":28},"end":{"line":33,"column":2}}]},"1":{"type":"branch","line":17,"loc":{"start":{"line":17,"column":10},"end":{"line":22,"column":62}},"locations":[{"start":{"line":17,"column":10},"end":{"line":22,"column":62}}]},"2":{"type":"branch","line":22,"loc":{"start":{"line":22,"column":63},"end":{"line":22,"column":67}},"locations":[{"start":{"line":22,"column":63},"end":{"line":22,"column":67}}]},"3":{"type":"branch","line":24,"loc":{"start":{"line":24,"column":52},"end":{"line":24,"column":67}},"locations":[{"start":{"line":24,"column":52},"end":{"line":24,"column":67}}]},"4":{"type":"branch","line":24,"loc":{"start":{"line":24,"column":68},"end":{"line":24,"column":72}},"locations":[{"start":{"line":24,"column":68},"end":{"line":24,"column":72}}]},"5":{"type":"branch","line":29,"loc":{"start":{"line":29,"column":6},"end":{"line":32,"column":5}},"locations":[{"start":{"line":29,"column":6},"end":{"line":32,"column":5}}]},"6":{"type":"branch","line":22,"loc":{"start":{"line":22,"column":73},"end":{"line":22,"column":99}},"locations":[{"start":{"line":22,"column":73},"end":{"line":22,"column":99}}]},"7":{"type":"branch","line":25,"loc":{"start":{"line":25,"column":17},"end":{"line":25,"column":48}},"locations":[{"start":{"line":25,"column":17},"end":{"line":25,"column":48}}]},"8":{"type":"branch","line":26,"loc":{"start":{"line":26,"column":20},"end":{"line":26,"column":67}},"locations":[{"start":{"line":26,"column":20},"end":{"line":26,"column":67}}]},"9":{"type":"branch","line":35,"loc":{"start":{"line":35,"column":32},"end":{"line":60,"column":2}},"locations":[{"start":{"line":35,"column":32},"end":{"line":60,"column":2}}]},"10":{"type":"branch","line":36,"loc":{"start":{"line":36,"column":19},"end":{"line":36,"column":27}},"locations":[{"start":{"line":36,"column":19},"end":{"line":36,"column":27}}]},"11":{"type":"branch","line":36,"loc":{"start":{"line":36,"column":29},"end":{"line":38,"column":5}},"locations":[{"start":{"line":36,"column":29},"end":{"line":38,"column":5}}]},"12":{"type":"branch","line":38,"loc":{"start":{"line":38,"column":4},"end":{"line":40,"column":63}},"locations":[{"start":{"line":38,"column":4},"end":{"line":40,"column":63}}]},"13":{"type":"branch","line":40,"loc":{"start":{"line":40,"column":64},"end":{"line":40,"column":67}},"locations":[{"start":{"line":40,"column":64},"end":{"line":40,"column":67}}]},"14":{"type":"branch","line":41,"loc":{"start":{"line":41,"column":42},"end":{"line":41,"column":55}},"locations":[{"start":{"line":41,"column":42},"end":{"line":41,"column":55}}]},"15":{"type":"branch","line":41,"loc":{"start":{"line":41,"column":56},"end":{"line":41,"column":59}},"locations":[{"start":{"line":41,"column":56},"end":{"line":41,"column":59}}]},"16":{"type":"branch","line":43,"loc":{"start":{"line":43,"column":33},"end":{"line":45,"column":5}},"locations":[{"start":{"line":43,"column":33},"end":{"line":45,"column":5}}]},"17":{"type":"branch","line":45,"loc":{"start":{"line":45,"column":4},"end":{"line":47,"column":68}},"locations":[{"start":{"line":45,"column":4},"end":{"line":47,"column":68}}]},"18":{"type":"branch","line":47,"loc":{"start":{"line":47,"column":70},"end":{"line":49,"column":5}},"locations":[{"start":{"line":47,"column":70},"end":{"line":49,"column":5}}]},"19":{"type":"branch","line":49,"loc":{"start":{"line":49,"column":4},"end":{"line":51,"column":28}},"locations":[{"start":{"line":49,"column":4},"end":{"line":51,"column":28}}]},"20":{"type":"branch","line":51,"loc":{"start":{"line":51,"column":28},"end":{"line":51,"column":64}},"locations":[{"start":{"line":51,"column":28},"end":{"line":51,"column":64}}]},"21":{"type":"branch","line":51,"loc":{"start":{"line":51,"column":66},"end":{"line":53,"column":5}},"locations":[{"start":{"line":51,"column":66},"end":{"line":53,"column":5}}]},"22":{"type":"branch","line":53,"loc":{"start":{"line":53,"column":4},"end":{"line":55,"column":30}},"locations":[{"start":{"line":53,"column":4},"end":{"line":55,"column":30}}]},"23":{"type":"branch","line":55,"loc":{"start":{"line":55,"column":30},"end":{"line":55,"column":68}},"locations":[{"start":{"line":55,"column":30},"end":{"line":55,"column":68}}]},"24":{"type":"branch","line":55,"loc":{"start":{"line":55,"column":70},"end":{"line":60,"column":2}},"locations":[{"start":{"line":55,"column":70},"end":{"line":60,"column":2}}]},"25":{"type":"branch","line":62,"loc":{"start":{"line":62,"column":31},"end":{"line":89,"column":2}},"locations":[{"start":{"line":62,"column":31},"end":{"line":89,"column":2}}]},"26":{"type":"branch","line":63,"loc":{"start":{"line":63,"column":37},"end":{"line":65,"column":5}},"locations":[{"start":{"line":63,"column":37},"end":{"line":65,"column":5}}]},"27":{"type":"branch","line":67,"loc":{"start":{"line":67,"column":22},"end":{"line":67,"column":59}},"locations":[{"start":{"line":67,"column":22},"end":{"line":67,"column":59}}]},"28":{"type":"branch","line":67,"loc":{"start":{"line":67,"column":61},"end":{"line":72,"column":77}},"locations":[{"start":{"line":67,"column":61},"end":{"line":72,"column":77}}]},"29":{"type":"branch","line":72,"loc":{"start":{"line":72,"column":78},"end":{"line":72,"column":81}},"locations":[{"start":{"line":72,"column":78},"end":{"line":72,"column":81}}]},"30":{"type":"branch","line":73,"loc":{"start":{"line":73,"column":56},"end":{"line":73,"column":61}},"locations":[{"start":{"line":73,"column":56},"end":{"line":73,"column":61}}]},"31":{"type":"branch","line":74,"loc":{"start":{"line":74,"column":26},"end":{"line":74,"column":34}},"locations":[{"start":{"line":74,"column":26},"end":{"line":74,"column":34}}]},"32":{"type":"branch","line":74,"loc":{"start":{"line":74,"column":43},"end":{"line":74,"column":56}},"locations":[{"start":{"line":74,"column":43},"end":{"line":74,"column":56}}]},"33":{"type":"branch","line":74,"loc":{"start":{"line":74,"column":57},"end":{"line":74,"column":60}},"locations":[{"start":{"line":74,"column":57},"end":{"line":74,"column":60}}]}},"b":{"0":[2],"1":[1],"2":[0],"3":[1],"4":[0],"5":[1],"6":[1],"7":[2],"8":[2],"9":[6],"10":[5],"11":[1],"12":[5],"13":[0],"14":[5],"15":[0],"16":[1],"17":[4],"18":[1],"19":[3],"20":[1],"21":[1],"22":[2],"23":[1],"24":[1],"25":[2],"26":[0],"27":[1],"28":[1],"29":[0],"30":[0],"31":[1],"32":[1],"33":[0]},"fnMap":{"0":{"name":"loadShopData","decl":{"start":{"line":12,"column":28},"end":{"line":33,"column":2}},"loc":{"start":{"line":12,"column":28},"end":{"line":33,"column":2}},"line":12},"1":{"name":"validatePurchase","decl":{"start":{"line":35,"column":32},"end":{"line":60,"column":2}},"loc":{"start":{"line":35,"column":32},"end":{"line":60,"column":2}},"line":35},"2":{"name":"executePurchase","decl":{"start":{"line":62,"column":31},"end":{"line":89,"column":2}},"loc":{"start":{"line":62,"column":31},"end":{"line":89,"column":2}},"line":62}},"f":{"0":2,"1":6,"2":2}}
}
